<?xml version="1.0" encoding="UTF-8"?>
<coverage generated="1551695668034" clover="3.2.0">
  <project timestamp="1551695668035" name="All files">
    <metrics statements="121" coveredstatements="43" conditionals="55" coveredconditionals="11" methods="50" coveredmethods="19" elements="226" coveredelements="73" complexity="0" loc="121" ncloc="121" packages="7" files="17" classes="17">
      <package name="src">
        <metrics statements="51" coveredstatements="1" conditionals="32" coveredconditionals="0" methods="16" coveredmethods="1"/>
        <file name="App.tsx" path="/Users/herat/Documents/GitHub/sellics/frontend/src/App.tsx">
          <metrics statements="1" coveredstatements="1" conditionals="0" coveredconditionals="0" methods="1" coveredmethods="1"/>
          <line num="10" count="1" type="stmt"/>
        </file>
        <file name="index.tsx" path="/Users/herat/Documents/GitHub/sellics/frontend/src/index.tsx">
          <metrics statements="12" coveredstatements="0" conditionals="0" coveredconditionals="0" methods="0" coveredmethods="0"/>
          <line num="1" count="0" type="stmt"/>
          <line num="2" count="0" type="stmt"/>
          <line num="3" count="0" type="stmt"/>
          <line num="4" count="0" type="stmt"/>
          <line num="5" count="0" type="stmt"/>
          <line num="6" count="0" type="stmt"/>
          <line num="7" count="0" type="stmt"/>
          <line num="8" count="0" type="stmt"/>
          <line num="9" count="0" type="stmt"/>
          <line num="10" count="0" type="stmt"/>
          <line num="13" count="0" type="stmt"/>
          <line num="24" count="0" type="stmt"/>
        </file>
        <file name="serviceWorker.ts" path="/Users/herat/Documents/GitHub/sellics/frontend/src/serviceWorker.ts">
          <metrics statements="38" coveredstatements="0" conditionals="32" coveredconditionals="0" methods="15" coveredmethods="0"/>
          <line num="13" count="0" type="stmt"/>
          <line num="29" count="0" type="cond" truecount="0" falsecount="4"/>
          <line num="31" count="0" type="stmt"/>
          <line num="35" count="0" type="cond" truecount="0" falsecount="2"/>
          <line num="39" count="0" type="stmt"/>
          <line num="42" count="0" type="stmt"/>
          <line num="43" count="0" type="stmt"/>
          <line num="45" count="0" type="cond" truecount="0" falsecount="2"/>
          <line num="47" count="0" type="stmt"/>
          <line num="51" count="0" type="stmt"/>
          <line num="52" count="0" type="stmt"/>
          <line num="59" count="0" type="stmt"/>
          <line num="66" count="0" type="stmt"/>
          <line num="69" count="0" type="stmt"/>
          <line num="70" count="0" type="stmt"/>
          <line num="71" count="0" type="cond" truecount="0" falsecount="2"/>
          <line num="72" count="0" type="stmt"/>
          <line num="74" count="0" type="stmt"/>
          <line num="75" count="0" type="cond" truecount="0" falsecount="2"/>
          <line num="76" count="0" type="cond" truecount="0" falsecount="2"/>
          <line num="80" count="0" type="stmt"/>
          <line num="86" count="0" type="cond" truecount="0" falsecount="4"/>
          <line num="87" count="0" type="stmt"/>
          <line num="93" count="0" type="stmt"/>
          <line num="96" count="0" type="cond" truecount="0" falsecount="4"/>
          <line num="97" count="0" type="stmt"/>
          <line num="105" count="0" type="stmt"/>
          <line num="111" count="0" type="stmt"/>
          <line num="114" count="0" type="stmt"/>
          <line num="115" count="0" type="cond" truecount="0" falsecount="2"/>
          <line num="120" count="0" type="stmt"/>
          <line num="121" count="0" type="stmt"/>
          <line num="122" count="0" type="stmt"/>
          <line num="127" count="0" type="stmt"/>
          <line num="131" count="0" type="stmt"/>
          <line num="138" count="0" type="cond" truecount="0" falsecount="2"/>
          <line num="139" count="0" type="stmt"/>
          <line num="140" count="0" type="stmt"/>
        </file>
      </package>
      <package name="src.actions">
        <metrics statements="11" coveredstatements="11" conditionals="0" coveredconditionals="0" methods="6" coveredmethods="6"/>
        <file name="reviews.action.ts" path="/Users/herat/Documents/GitHub/sellics/frontend/src/actions/reviews.action.ts">
          <metrics statements="11" coveredstatements="11" conditionals="0" coveredconditionals="0" methods="6" coveredmethods="6"/>
          <line num="5" count="2" type="stmt"/>
          <line num="6" count="1" type="stmt"/>
          <line num="11" count="2" type="stmt"/>
          <line num="12" count="2" type="stmt"/>
          <line num="18" count="2" type="stmt"/>
          <line num="19" count="1" type="stmt"/>
          <line num="25" count="2" type="stmt"/>
          <line num="26" count="3" type="stmt"/>
          <line num="27" count="3" type="stmt"/>
          <line num="28" count="1" type="stmt"/>
          <line num="29" count="1" type="stmt"/>
        </file>
      </package>
      <package name="src.components">
        <metrics statements="37" coveredstatements="16" conditionals="11" coveredconditionals="3" methods="22" coveredmethods="8"/>
        <file name="DropDwonFilter.tsx" path="/Users/herat/Documents/GitHub/sellics/frontend/src/components/DropDwonFilter.tsx">
          <metrics statements="7" coveredstatements="7" conditionals="2" coveredconditionals="1" methods="5" coveredmethods="5"/>
          <line num="12" count="2" type="stmt"/>
          <line num="13" count="2" type="cond" truecount="1" falsecount="1"/>
          <line num="14" count="8" type="stmt"/>
          <line num="19" count="1" type="stmt"/>
          <line num="20" count="1" type="stmt"/>
          <line num="24" count="2" type="stmt"/>
          <line num="25" count="1" type="stmt"/>
        </file>
        <file name="ErrorBoundary.tsx" path="/Users/herat/Documents/GitHub/sellics/frontend/src/components/ErrorBoundary.tsx">
          <metrics statements="6" coveredstatements="6" conditionals="2" coveredconditionals="2" methods="2" coveredmethods="2"/>
          <line num="10" count="1" type="stmt"/>
          <line num="11" count="1" type="stmt"/>
          <line num="12" count="1" type="stmt"/>
          <line num="18" count="2" type="cond" truecount="2" falsecount="0"/>
          <line num="19" count="1" type="stmt"/>
          <line num="23" count="1" type="stmt"/>
        </file>
        <file name="Layout.tsx" path="/Users/herat/Documents/GitHub/sellics/frontend/src/components/Layout.tsx">
          <metrics statements="1" coveredstatements="1" conditionals="0" coveredconditionals="0" methods="1" coveredmethods="1"/>
          <line num="8" count="1" type="stmt"/>
        </file>
        <file name="ReviewContainer.tsx" path="/Users/herat/Documents/GitHub/sellics/frontend/src/components/ReviewContainer.tsx">
          <metrics statements="17" coveredstatements="2" conditionals="7" coveredconditionals="0" methods="10" coveredmethods="0"/>
          <line num="20" count="0" type="stmt"/>
          <line num="21" count="0" type="stmt"/>
          <line num="22" count="0" type="stmt"/>
          <line num="26" count="0" type="stmt"/>
          <line num="30" count="0" type="stmt"/>
          <line num="31" count="0" type="cond" truecount="0" falsecount="5"/>
          <line num="32" count="0" type="stmt"/>
          <line num="37" count="0" type="stmt"/>
          <line num="38" count="0" type="cond" truecount="0" falsecount="2"/>
          <line num="39" count="0" type="stmt"/>
          <line num="44" count="0" type="stmt"/>
          <line num="56" count="1" type="stmt"/>
          <line num="57" count="0" type="stmt"/>
          <line num="68" count="1" type="stmt"/>
          <line num="69" count="0" type="stmt"/>
          <line num="71" count="0" type="stmt"/>
          <line num="72" count="0" type="stmt"/>
        </file>
        <file name="ReviewFilter.tsx" path="/Users/herat/Documents/GitHub/sellics/frontend/src/components/ReviewFilter.tsx">
          <metrics statements="2" coveredstatements="0" conditionals="0" coveredconditionals="0" methods="2" coveredmethods="0"/>
          <line num="7" count="0" type="stmt"/>
          <line num="11" count="0" type="stmt"/>
        </file>
        <file name="ReviewRow.tsx" path="/Users/herat/Documents/GitHub/sellics/frontend/src/components/ReviewRow.tsx">
          <metrics statements="4" coveredstatements="0" conditionals="0" coveredconditionals="0" methods="2" coveredmethods="0"/>
          <line num="11" count="0" type="stmt"/>
          <line num="12" count="0" type="stmt"/>
          <line num="13" count="0" type="stmt"/>
          <line num="24" count="0" type="stmt"/>
        </file>
      </package>
      <package name="src.containers">
        <metrics statements="2" coveredstatements="2" conditionals="0" coveredconditionals="0" methods="2" coveredmethods="2"/>
        <file name="Footer.tsx" path="/Users/herat/Documents/GitHub/sellics/frontend/src/containers/Footer.tsx">
          <metrics statements="1" coveredstatements="1" conditionals="0" coveredconditionals="0" methods="1" coveredmethods="1"/>
          <line num="3" count="1" type="stmt"/>
        </file>
        <file name="Header.tsx" path="/Users/herat/Documents/GitHub/sellics/frontend/src/containers/Header.tsx">
          <metrics statements="1" coveredstatements="1" conditionals="0" coveredconditionals="0" methods="1" coveredmethods="1"/>
          <line num="4" count="1" type="stmt"/>
        </file>
      </package>
      <package name="src.reducers">
        <metrics statements="9" coveredstatements="6" conditionals="9" coveredconditionals="7" methods="1" coveredmethods="1"/>
        <file name="index.ts" path="/Users/herat/Documents/GitHub/sellics/frontend/src/reducers/index.ts">
          <metrics statements="3" coveredstatements="0" conditionals="0" coveredconditionals="0" methods="0" coveredmethods="0"/>
          <line num="1" count="0" type="stmt"/>
          <line num="2" count="0" type="stmt"/>
          <line num="4" count="0" type="stmt"/>
        </file>
        <file name="review.reducer.ts" path="/Users/herat/Documents/GitHub/sellics/frontend/src/reducers/review.reducer.ts">
          <metrics statements="6" coveredstatements="6" conditionals="9" coveredconditionals="7" methods="1" coveredmethods="1"/>
          <line num="32" count="1" type="stmt"/>
          <line num="41" count="4" type="cond" truecount="4" falsecount="0"/>
          <line num="43" count="1" type="stmt"/>
          <line num="45" count="1" type="stmt"/>
          <line num="53" count="1" type="stmt"/>
          <line num="55" count="1" type="stmt"/>
        </file>
      </package>
      <package name="src.reducers.mocks">
        <metrics statements="1" coveredstatements="1" conditionals="0" coveredconditionals="0" methods="0" coveredmethods="0"/>
        <file name="reviews.mock.ts" path="/Users/herat/Documents/GitHub/sellics/frontend/src/reducers/mocks/reviews.mock.ts">
          <metrics statements="1" coveredstatements="1" conditionals="0" coveredconditionals="0" methods="0" coveredmethods="0"/>
          <line num="1" count="2" type="stmt"/>
        </file>
      </package>
      <package name="src.utils">
        <metrics statements="10" coveredstatements="6" conditionals="3" coveredconditionals="1" methods="3" coveredmethods="1"/>
        <file name="constants.ts" path="/Users/herat/Documents/GitHub/sellics/frontend/src/utils/constants.ts">
          <metrics statements="3" coveredstatements="3" conditionals="0" coveredconditionals="0" methods="0" coveredmethods="0"/>
          <line num="1" count="3" type="stmt"/>
          <line num="2" count="3" type="stmt"/>
          <line num="3" count="3" type="stmt"/>
        </file>
        <file name="fetchWrapper.ts" path="/Users/herat/Documents/GitHub/sellics/frontend/src/utils/fetchWrapper.ts">
          <metrics statements="7" coveredstatements="3" conditionals="3" coveredconditionals="1" methods="3" coveredmethods="1"/>
          <line num="1" count="2" type="cond" truecount="1" falsecount="0"/>
          <line num="2" count="1" type="stmt"/>
          <line num="14" count="1" type="stmt"/>
          <line num="16" count="0" type="cond" truecount="0" falsecount="2"/>
          <line num="17" count="0" type="stmt"/>
          <line num="19" count="0" type="stmt"/>
          <line num="21" count="0" type="stmt"/>
        </file>
      </package>
    </metrics>
  </project>
</coverage>
