{"/Users/herat/Documents/GitHub/sellics/frontend/src/App.tsx": {"path":"/Users/herat/Documents/GitHub/sellics/frontend/src/App.tsx","statementMap":{"0":{"start":{"line":10,"column":4},"end":{"line":18,"column":6}}},"fnMap":{"0":{"name":"(anonymous_0)","decl":{"start":{"line":9,"column":2},"end":{"line":9,"column":3}},"loc":{"start":{"line":9,"column":11},"end":{"line":19,"column":3}},"line":9}},"branchMap":{},"s":{"0":1},"f":{"0":1},"b":{},"_coverageSchema":"332fd63041d2c1bcb487cc26dd0d5f7d97098a6c","hash":"c5f0a909aeb20f98fab19cfd7e2745c2cfa9b845"}
,"/Users/herat/Documents/GitHub/sellics/frontend/src/index.tsx": {"path":"/Users/herat/Documents/GitHub/sellics/frontend/src/index.tsx","statementMap":{"0":{"start":{"line":1,"column":0},"end":{"line":null,"column":-1}},"1":{"start":{"line":2,"column":0},"end":{"line":null,"column":-1}},"2":{"start":{"line":3,"column":0},"end":{"line":null,"column":-1}},"3":{"start":{"line":4,"column":0},"end":{"line":null,"column":-1}},"4":{"start":{"line":5,"column":0},"end":{"line":null,"column":-1}},"5":{"start":{"line":6,"column":0},"end":{"line":null,"column":-1}},"6":{"start":{"line":7,"column":0},"end":{"line":null,"column":-1}},"7":{"start":{"line":8,"column":0},"end":{"line":null,"column":-1}},"8":{"start":{"line":9,"column":0},"end":{"line":null,"column":-1}},"9":{"start":{"line":10,"column":0},"end":{"line":null,"column":-1}},"10":{"start":{"line":11,"column":0},"end":{"line":null,"column":-1}},"11":{"start":{"line":14,"column":14},"end":{"line":14,"column":0}},"12":{"start":{"line":25,"column":0},"end":{"line":null,"column":-1}}},"fnMap":{},"branchMap":{},"s":{"0":0,"1":0,"2":0,"3":0,"4":0,"5":0,"6":0,"7":0,"8":0,"9":0,"10":0,"11":0,"12":0},"f":{},"b":{}}
,"/Users/herat/Documents/GitHub/sellics/frontend/src/serviceWorker.ts": {"path":"/Users/herat/Documents/GitHub/sellics/frontend/src/serviceWorker.ts","statementMap":{"0":{"start":{"line":13,"column":20},"end":{"line":13,"column":0}},"1":{"start":{"line":29,"column":2},"end":{"line":62,"column":3}},"2":{"start":{"line":31,"column":22},"end":{"line":31,"column":4}},"3":{"start":{"line":35,"column":4},"end":{"line":40,"column":5}},"4":{"start":{"line":39,"column":6},"end":{"line":null,"column":-1}},"5":{"start":{"line":42,"column":4},"end":{"line":null,"column":-1}},"6":{"start":{"line":43,"column":21},"end":{"line":43,"column":6}},"7":{"start":{"line":45,"column":6},"end":{"line":60,"column":7}},"8":{"start":{"line":47,"column":8},"end":{"line":45,"column":23}},"9":{"start":{"line":51,"column":8},"end":{"line":null,"column":-1}},"10":{"start":{"line":52,"column":10},"end":{"line":null,"column":-1}},"11":{"start":{"line":59,"column":8},"end":{"line":null,"column":-1}},"12":{"start":{"line":66,"column":2},"end":{"line":null,"column":-1}},"13":{"start":{"line":69,"column":6},"end":{"line":null,"column":-1}},"14":{"start":{"line":70,"column":33},"end":{"line":70,"column":8}},"15":{"start":{"line":71,"column":8},"end":{"line":73,"column":9}},"16":{"start":{"line":72,"column":10},"end":{"line":null,"column":-1}},"17":{"start":{"line":74,"column":8},"end":{"line":null,"column":-1}},"18":{"start":{"line":75,"column":10},"end":{"line":100,"column":11}},"19":{"start":{"line":76,"column":12},"end":{"line":99,"column":13}},"20":{"start":{"line":80,"column":14},"end":{"line":76,"column":52}},"21":{"start":{"line":86,"column":14},"end":{"line":88,"column":15}},"22":{"start":{"line":87,"column":16},"end":{"line":null,"column":-1}},"23":{"start":{"line":93,"column":14},"end":{"line":89,"column":19}},"24":{"start":{"line":96,"column":14},"end":{"line":98,"column":15}},"25":{"start":{"line":97,"column":16},"end":{"line":null,"column":-1}},"26":{"start":{"line":105,"column":6},"end":{"line":null,"column":-1}},"27":{"start":{"line":111,"column":2},"end":{"line":null,"column":-1}},"28":{"start":{"line":114,"column":26},"end":{"line":114,"column":6}},"29":{"start":{"line":115,"column":6},"end":{"line":128,"column":7}},"30":{"start":{"line":120,"column":8},"end":{"line":null,"column":-1}},"31":{"start":{"line":121,"column":10},"end":{"line":null,"column":-1}},"32":{"start":{"line":122,"column":12},"end":{"line":null,"column":-1}},"33":{"start":{"line":127,"column":8},"end":{"line":null,"column":-1}},"34":{"start":{"line":131,"column":6},"end":{"line":null,"column":-1}},"35":{"start":{"line":138,"column":2},"end":{"line":142,"column":3}},"36":{"start":{"line":139,"column":4},"end":{"line":null,"column":-1}},"37":{"start":{"line":140,"column":6},"end":{"line":null,"column":-1}}},"fnMap":{"0":{"name":"register","decl":{"start":{"line":28,"column":16},"end":{"line":28,"column":7}},"loc":{"start":{"line":28,"column":42},"end":{"line":63,"column":1}}},"1":{"name":"(anonymous_1)","decl":{"start":{"line":42,"column":36},"end":{"line":42,"column":41}},"loc":{"start":{"line":42,"column":42},"end":{"line":42,"column":4}}},"2":{"name":"(anonymous_2)","decl":{"start":{"line":51,"column":43},"end":{"line":51,"column":48}},"loc":{"start":{"line":51,"column":49},"end":{"line":51,"column":8}}},"3":{"name":"registerValidSW","decl":{"start":{"line":65,"column":9},"end":{"line":65,"column":0}},"loc":{"start":{"line":65,"column":57},"end":{"line":107,"column":1}}},"4":{"name":"(anonymous_4)","decl":{"start":{"line":68,"column":10},"end":{"line":68,"column":21}},"loc":{"start":{"line":68,"column":26},"end":{"line":66,"column":2}}},"5":{"name":"(anonymous_5)","decl":{"start":{"line":69,"column":35},"end":{"line":69,"column":40}},"loc":{"start":{"line":69,"column":41},"end":{"line":69,"column":6}}},"6":{"name":"(anonymous_6)","decl":{"start":{"line":74,"column":41},"end":{"line":74,"column":46}},"loc":{"start":{"line":74,"column":47},"end":{"line":74,"column":8}}},"7":{"name":"(anonymous_7)","decl":{"start":{"line":104,"column":11},"end":{"line":104,"column":15}},"loc":{"start":{"line":104,"column":20},"end":{"line":66,"column":2}}},"8":{"name":"checkValidServiceWorker","decl":{"start":{"line":109,"column":9},"end":{"line":109,"column":0}},"loc":{"start":{"line":109,"column":65},"end":{"line":135,"column":1}}},"9":{"name":"(anonymous_9)","decl":{"start":{"line":112,"column":10},"end":{"line":112,"column":17}},"loc":{"start":{"line":112,"column":22},"end":{"line":111,"column":2}}},"10":{"name":"(anonymous_10)","decl":{"start":{"line":120,"column":43},"end":{"line":120,"column":54}},"loc":{"start":{"line":120,"column":59},"end":{"line":120,"column":8}}},"11":{"name":"(anonymous_11)","decl":{"start":{"line":121,"column":41},"end":{"line":121,"column":46}},"loc":{"start":{"line":121,"column":47},"end":{"line":121,"column":10}}},"12":{"name":"(anonymous_12)","decl":{"start":{"line":130,"column":11},"end":{"line":130,"column":16}},"loc":{"start":{"line":130,"column":17},"end":{"line":111,"column":2}}},"13":{"name":"unregister","decl":{"start":{"line":137,"column":16},"end":{"line":137,"column":7}},"loc":{"start":{"line":137,"column":29},"end":{"line":143,"column":1}}},"14":{"name":"(anonymous_14)","decl":{"start":{"line":139,"column":39},"end":{"line":139,"column":50}},"loc":{"start":{"line":139,"column":55},"end":{"line":139,"column":4}}}},"branchMap":{"0":{"loc":{"start":{"line":14,"column":2},"end":{"line":14,"column":1}},"type":"binary-expr","locations":[{"start":{"line":14,"column":2},"end":{"line":14,"column":1}},{"start":{"line":16,"column":4},"end":{"line":14,"column":2}},{"start":{"line":18,"column":4},"end":{"line":13,"column":27}}]},"1":{"loc":{"start":{"line":29,"column":2},"end":{"line":62,"column":3}},"type":"if","locations":[{"start":{"line":29,"column":2},"end":{"line":62,"column":3}},{"start":{"line":29,"column":2},"end":{"line":62,"column":3}}]},"2":{"loc":{"start":{"line":29,"column":6},"end":{"line":29,"column":5}},"type":"binary-expr","locations":[{"start":{"line":29,"column":6},"end":{"line":29,"column":5}},{"start":{"line":29,"column":47},"end":{"line":29,"column":2}}]},"3":{"loc":{"start":{"line":35,"column":4},"end":{"line":40,"column":5}},"type":"if","locations":[{"start":{"line":35,"column":4},"end":{"line":40,"column":5}},{"start":{"line":35,"column":4},"end":{"line":40,"column":5}}]},"4":{"loc":{"start":{"line":45,"column":6},"end":{"line":60,"column":7}},"type":"if","locations":[{"start":{"line":45,"column":6},"end":{"line":60,"column":7}},{"start":{"line":45,"column":6},"end":{"line":60,"column":7}}]},"5":{"loc":{"start":{"line":71,"column":8},"end":{"line":73,"column":9}},"type":"if","locations":[{"start":{"line":71,"column":8},"end":{"line":73,"column":9}},{"start":{"line":71,"column":8},"end":{"line":73,"column":9}}]},"6":{"loc":{"start":{"line":75,"column":10},"end":{"line":100,"column":11}},"type":"if","locations":[{"start":{"line":75,"column":10},"end":{"line":100,"column":11}},{"start":{"line":75,"column":10},"end":{"line":100,"column":11}}]},"7":{"loc":{"start":{"line":76,"column":12},"end":{"line":99,"column":13}},"type":"if","locations":[{"start":{"line":76,"column":12},"end":{"line":99,"column":13}},{"start":{"line":76,"column":12},"end":{"line":99,"column":13}}]},"8":{"loc":{"start":{"line":86,"column":14},"end":{"line":88,"column":15}},"type":"if","locations":[{"start":{"line":86,"column":14},"end":{"line":88,"column":15}},{"start":{"line":86,"column":14},"end":{"line":88,"column":15}}]},"9":{"loc":{"start":{"line":86,"column":18},"end":{"line":86,"column":24}},"type":"binary-expr","locations":[{"start":{"line":86,"column":18},"end":{"line":86,"column":24}},{"start":{"line":86,"column":28},"end":{"line":86,"column":14}}]},"10":{"loc":{"start":{"line":96,"column":14},"end":{"line":98,"column":15}},"type":"if","locations":[{"start":{"line":96,"column":14},"end":{"line":98,"column":15}},{"start":{"line":96,"column":14},"end":{"line":98,"column":15}}]},"11":{"loc":{"start":{"line":96,"column":18},"end":{"line":96,"column":24}},"type":"binary-expr","locations":[{"start":{"line":96,"column":18},"end":{"line":96,"column":24}},{"start":{"line":96,"column":28},"end":{"line":96,"column":14}}]},"12":{"loc":{"start":{"line":115,"column":6},"end":{"line":128,"column":7}},"type":"if","locations":[{"start":{"line":115,"column":6},"end":{"line":128,"column":7}},{"start":{"line":115,"column":6},"end":{"line":128,"column":7}}]},"13":{"loc":{"start":{"line":116,"column":8},"end":{"line":116,"column":7}},"type":"binary-expr","locations":[{"start":{"line":116,"column":8},"end":{"line":116,"column":7}},{"start":{"line":117,"column":9},"end":{"line":117,"column":8}},{"start":{"line":117,"column":32},"end":{"line":115,"column":6}}]},"14":{"loc":{"start":{"line":138,"column":2},"end":{"line":142,"column":3}},"type":"if","locations":[{"start":{"line":138,"column":2},"end":{"line":142,"column":3}},{"start":{"line":138,"column":2},"end":{"line":142,"column":3}}]}},"s":{"0":0,"1":0,"2":0,"3":0,"4":0,"5":0,"6":0,"7":0,"8":0,"9":0,"10":0,"11":0,"12":0,"13":0,"14":0,"15":0,"16":0,"17":0,"18":0,"19":0,"20":0,"21":0,"22":0,"23":0,"24":0,"25":0,"26":0,"27":0,"28":0,"29":0,"30":0,"31":0,"32":0,"33":0,"34":0,"35":0,"36":0,"37":0},"f":{"0":0,"1":0,"2":0,"3":0,"4":0,"5":0,"6":0,"7":0,"8":0,"9":0,"10":0,"11":0,"12":0,"13":0,"14":0},"b":{"0":[0,0,0],"1":[0,0],"2":[0,0],"3":[0,0],"4":[0,0],"5":[0,0],"6":[0,0],"7":[0,0],"8":[0,0],"9":[0,0],"10":[0,0],"11":[0,0],"12":[0,0],"13":[0,0,0],"14":[0,0]}}
,"/Users/herat/Documents/GitHub/sellics/frontend/src/actions/filter.actions.ts": {"path":"/Users/herat/Documents/GitHub/sellics/frontend/src/actions/filter.actions.ts","statementMap":{"0":{"start":{"line":3,"column":26},"end":{"line":8,"column":1}},"1":{"start":{"line":4,"column":2},"end":{"line":7,"column":3}}},"fnMap":{"0":{"name":"(anonymous_0)","decl":{"start":{"line":3,"column":26},"end":{"line":3,"column":27}},"loc":{"start":{"line":3,"column":57},"end":{"line":8,"column":1}},"line":3}},"branchMap":{},"s":{"0":3,"1":1},"f":{"0":1},"b":{},"_coverageSchema":"332fd63041d2c1bcb487cc26dd0d5f7d97098a6c","hash":"1a794f0c1018e09ffe387aeb6eef5220ec2fc37c"}
,"/Users/herat/Documents/GitHub/sellics/frontend/src/actions/reviews.action.ts": {"path":"/Users/herat/Documents/GitHub/sellics/frontend/src/actions/reviews.action.ts","statementMap":{"0":{"start":{"line":5,"column":26},"end":{"line":9,"column":1}},"1":{"start":{"line":6,"column":2},"end":{"line":8,"column":4}},"2":{"start":{"line":11,"column":25},"end":{"line":16,"column":1}},"3":{"start":{"line":12,"column":2},"end":{"line":15,"column":4}},"4":{"start":{"line":18,"column":28},"end":{"line":23,"column":1}},"5":{"start":{"line":19,"column":2},"end":{"line":22,"column":4}},"6":{"start":{"line":25,"column":28},"end":{"line":30,"column":1}},"7":{"start":{"line":26,"column":26},"end":{"line":26,"column":62}},"8":{"start":{"line":27,"column":2},"end":{"line":29,"column":38}},"9":{"start":{"line":28,"column":17},"end":{"line":28,"column":34}},"10":{"start":{"line":29,"column":20},"end":{"line":29,"column":36}}},"fnMap":{"0":{"name":"(anonymous_0)","decl":{"start":{"line":5,"column":26},"end":{"line":5,"column":27}},"loc":{"start":{"line":5,"column":32},"end":{"line":9,"column":1}},"line":5},"1":{"name":"(anonymous_1)","decl":{"start":{"line":11,"column":25},"end":{"line":11,"column":26}},"loc":{"start":{"line":11,"column":41},"end":{"line":16,"column":1}},"line":11},"2":{"name":"(anonymous_2)","decl":{"start":{"line":18,"column":28},"end":{"line":18,"column":29}},"loc":{"start":{"line":18,"column":50},"end":{"line":23,"column":1}},"line":18},"3":{"name":"(anonymous_3)","decl":{"start":{"line":25,"column":28},"end":{"line":25,"column":29}},"loc":{"start":{"line":25,"column":64},"end":{"line":30,"column":1}},"line":25},"4":{"name":"(anonymous_4)","decl":{"start":{"line":28,"column":10},"end":{"line":28,"column":11}},"loc":{"start":{"line":28,"column":17},"end":{"line":28,"column":34}},"line":28},"5":{"name":"(anonymous_5)","decl":{"start":{"line":29,"column":11},"end":{"line":29,"column":12}},"loc":{"start":{"line":29,"column":20},"end":{"line":29,"column":36}},"line":29}},"branchMap":{},"s":{"0":3,"1":5,"2":3,"3":2,"4":3,"5":1,"6":3,"7":7,"8":7,"9":1,"10":1},"f":{"0":5,"1":2,"2":1,"3":7,"4":1,"5":1},"b":{},"_coverageSchema":"332fd63041d2c1bcb487cc26dd0d5f7d97098a6c","hash":"455a2b6c54b99e55956b4a347e3f73f2bd376f86"}
,"/Users/herat/Documents/GitHub/sellics/frontend/src/components/DropDwonFilter.tsx": {"path":"/Users/herat/Documents/GitHub/sellics/frontend/src/components/DropDwonFilter.tsx","statementMap":{"0":{"start":{"line":13,"column":21},"end":{"line":13,"column":31}},"1":{"start":{"line":14,"column":4},"end":{"line":14,"column":55}},"2":{"start":{"line":14,"column":33},"end":{"line":14,"column":54}},"3":{"start":{"line":18,"column":4},"end":{"line":18,"column":49}},"4":{"start":{"line":22,"column":19},"end":{"line":22,"column":29}},"5":{"start":{"line":23,"column":4},"end":{"line":23,"column":46}},"6":{"start":{"line":24,"column":4},"end":{"line":24,"column":23}},"7":{"start":{"line":28,"column":27},"end":{"line":28,"column":37}},"8":{"start":{"line":29,"column":4},"end":{"line":38,"column":5}},"9":{"start":{"line":32,"column":25},"end":{"line":32,"column":45}}},"fnMap":{"0":{"name":"(anonymous_0)","decl":{"start":{"line":12,"column":2},"end":{"line":12,"column":3}},"loc":{"start":{"line":12,"column":19},"end":{"line":15,"column":3}},"line":12},"1":{"name":"(anonymous_1)","decl":{"start":{"line":14,"column":28},"end":{"line":14,"column":29}},"loc":{"start":{"line":14,"column":33},"end":{"line":14,"column":54}},"line":14},"2":{"name":"(anonymous_2)","decl":{"start":{"line":17,"column":2},"end":{"line":17,"column":3}},"loc":{"start":{"line":17,"column":27},"end":{"line":19,"column":3}},"line":17},"3":{"name":"(anonymous_3)","decl":{"start":{"line":21,"column":17},"end":{"line":21,"column":18}},"loc":{"start":{"line":21,"column":29},"end":{"line":25,"column":3}},"line":21},"4":{"name":"(anonymous_4)","decl":{"start":{"line":27,"column":2},"end":{"line":27,"column":3}},"loc":{"start":{"line":27,"column":11},"end":{"line":39,"column":3}},"line":27},"5":{"name":"(anonymous_5)","decl":{"start":{"line":32,"column":18},"end":{"line":32,"column":19}},"loc":{"start":{"line":32,"column":25},"end":{"line":32,"column":45}},"line":32}},"branchMap":{"0":{"loc":{"start":{"line":14,"column":12},"end":{"line":14,"column":22}},"type":"binary-expr","locations":[{"start":{"line":14,"column":12},"end":{"line":14,"column":16}},{"start":{"line":14,"column":20},"end":{"line":14,"column":22}}],"line":14}},"s":{"0":6,"1":6,"2":18,"3":18,"4":1,"5":1,"6":1,"7":6,"8":6,"9":1},"f":{"0":6,"1":18,"2":18,"3":1,"4":6,"5":1},"b":{"0":[6,0]},"_coverageSchema":"332fd63041d2c1bcb487cc26dd0d5f7d97098a6c","hash":"9f8e3df6be325c7d8099ffad48c87d2c373388a8"}
,"/Users/herat/Documents/GitHub/sellics/frontend/src/components/ErrorBoundary.tsx": {"path":"/Users/herat/Documents/GitHub/sellics/frontend/src/components/ErrorBoundary.tsx","statementMap":{"0":{"start":{"line":11,"column":4},"end":{"line":11,"column":25}},"1":{"start":{"line":12,"column":4},"end":{"line":12,"column":23}},"2":{"start":{"line":13,"column":4},"end":{"line":15,"column":7}},"3":{"start":{"line":19,"column":4},"end":{"line":23,"column":5}},"4":{"start":{"line":20,"column":6},"end":{"line":22,"column":7}},"5":{"start":{"line":24,"column":4},"end":{"line":24,"column":31}}},"fnMap":{"0":{"name":"(anonymous_0)","decl":{"start":{"line":10,"column":2},"end":{"line":10,"column":3}},"loc":{"start":{"line":10,"column":43},"end":{"line":16,"column":3}},"line":10},"1":{"name":"(anonymous_1)","decl":{"start":{"line":18,"column":2},"end":{"line":18,"column":3}},"loc":{"start":{"line":18,"column":11},"end":{"line":25,"column":3}},"line":18}},"branchMap":{"0":{"loc":{"start":{"line":19,"column":4},"end":{"line":23,"column":5}},"type":"if","locations":[{"start":{"line":19,"column":4},"end":{"line":23,"column":5}},{"start":{"line":19,"column":4},"end":{"line":23,"column":5}}],"line":19}},"s":{"0":1,"1":1,"2":1,"3":2,"4":1,"5":1},"f":{"0":1,"1":2},"b":{"0":[1,1]},"_coverageSchema":"332fd63041d2c1bcb487cc26dd0d5f7d97098a6c","hash":"8311b4c5ee8cf39ea27693c8b803802fac48754d"}
,"/Users/herat/Documents/GitHub/sellics/frontend/src/components/Layout.tsx": {"path":"/Users/herat/Documents/GitHub/sellics/frontend/src/components/Layout.tsx","statementMap":{"0":{"start":{"line":8,"column":4},"end":{"line":14,"column":5}}},"fnMap":{"0":{"name":"(anonymous_0)","decl":{"start":{"line":7,"column":2},"end":{"line":7,"column":3}},"loc":{"start":{"line":7,"column":11},"end":{"line":15,"column":3}},"line":7}},"branchMap":{},"s":{"0":1},"f":{"0":1},"b":{},"_coverageSchema":"332fd63041d2c1bcb487cc26dd0d5f7d97098a6c","hash":"549c9d2ce9cf1b6dc3e9b63ea176261f9c419d2e"}
,"/Users/herat/Documents/GitHub/sellics/frontend/src/components/ReviewContainer.tsx": {"path":"/Users/herat/Documents/GitHub/sellics/frontend/src/components/ReviewContainer.tsx","statementMap":{"0":{"start":{"line":24,"column":26},"end":{"line":24,"column":36}},"1":{"start":{"line":25,"column":4},"end":{"line":25,"column":39}},"2":{"start":{"line":26,"column":4},"end":{"line":26,"column":60}},"3":{"start":{"line":30,"column":4},"end":{"line":30,"column":63}},"4":{"start":{"line":34,"column":44},"end":{"line":34,"column":54}},"5":{"start":{"line":35,"column":4},"end":{"line":37,"column":5}},"6":{"start":{"line":36,"column":6},"end":{"line":36,"column":41}},"7":{"start":{"line":41,"column":29},"end":{"line":41,"column":68}},"8":{"start":{"line":42,"column":4},"end":{"line":42,"column":70}},"9":{"start":{"line":46,"column":29},"end":{"line":46,"column":39}},"10":{"start":{"line":47,"column":24},"end":{"line":47,"column":83}},"11":{"start":{"line":47,"column":47},"end":{"line":47,"column":76}},"12":{"start":{"line":48,"column":18},"end":{"line":48,"column":36}},"13":{"start":{"line":49,"column":4},"end":{"line":51,"column":5}},"14":{"start":{"line":50,"column":6},"end":{"line":50,"column":96}},"15":{"start":{"line":50,"column":38},"end":{"line":50,"column":95}},"16":{"start":{"line":52,"column":4},"end":{"line":54,"column":5}},"17":{"start":{"line":53,"column":6},"end":{"line":53,"column":96}},"18":{"start":{"line":53,"column":38},"end":{"line":53,"column":95}},"19":{"start":{"line":55,"column":4},"end":{"line":57,"column":5}},"20":{"start":{"line":56,"column":6},"end":{"line":56,"column":96}},"21":{"start":{"line":56,"column":38},"end":{"line":56,"column":95}},"22":{"start":{"line":58,"column":4},"end":{"line":58,"column":24}},"23":{"start":{"line":62,"column":29},"end":{"line":62,"column":39}},"24":{"start":{"line":63,"column":24},"end":{"line":63,"column":82}},"25":{"start":{"line":63,"column":47},"end":{"line":63,"column":75}},"26":{"start":{"line":64,"column":4},"end":{"line":68,"column":5}},"27":{"start":{"line":65,"column":6},"end":{"line":67,"column":9}},"28":{"start":{"line":66,"column":8},"end":{"line":66,"column":46}},"29":{"start":{"line":69,"column":4},"end":{"line":73,"column":5}},"30":{"start":{"line":70,"column":6},"end":{"line":72,"column":9}},"31":{"start":{"line":71,"column":8},"end":{"line":71,"column":46}},"32":{"start":{"line":74,"column":4},"end":{"line":74,"column":19}},"33":{"start":{"line":78,"column":4},"end":{"line":80,"column":5}},"34":{"start":{"line":79,"column":6},"end":{"line":79,"column":18}},"35":{"start":{"line":81,"column":4},"end":{"line":81,"column":70}},"36":{"start":{"line":85,"column":24},"end":{"line":85,"column":34}},"37":{"start":{"line":86,"column":29},"end":{"line":86,"column":39}},"38":{"start":{"line":87,"column":30},"end":{"line":87,"column":90}},"39":{"start":{"line":87,"column":53},"end":{"line":87,"column":83}},"40":{"start":{"line":88,"column":25},"end":{"line":88,"column":101}},"41":{"start":{"line":88,"column":58},"end":{"line":88,"column":100}},"42":{"start":{"line":90,"column":20},"end":{"line":90,"column":52}},"43":{"start":{"line":91,"column":26},"end":{"line":91,"column":53}},"44":{"start":{"line":93,"column":31},"end":{"line":93,"column":92}},"45":{"start":{"line":93,"column":54},"end":{"line":93,"column":85}},"46":{"start":{"line":94,"column":26},"end":{"line":94,"column":107}},"47":{"start":{"line":94,"column":65},"end":{"line":94,"column":106}},"48":{"start":{"line":96,"column":4},"end":{"line":100,"column":5}},"49":{"start":{"line":97,"column":6},"end":{"line":99,"column":8}},"50":{"start":{"line":102,"column":4},"end":{"line":104,"column":7}},"51":{"start":{"line":103,"column":6},"end":{"line":103,"column":65}},"52":{"start":{"line":108,"column":31},"end":{"line":108,"column":41}},"53":{"start":{"line":109,"column":4},"end":{"line":113,"column":5}},"54":{"start":{"line":110,"column":6},"end":{"line":112,"column":7}},"55":{"start":{"line":114,"column":4},"end":{"line":118,"column":5}},"56":{"start":{"line":115,"column":6},"end":{"line":117,"column":7}},"57":{"start":{"line":119,"column":4},"end":{"line":126,"column":5}},"58":{"start":{"line":130,"column":24},"end":{"line":142,"column":1}},"59":{"start":{"line":134,"column":2},"end":{"line":141,"column":4}},"60":{"start":{"line":144,"column":27},"end":{"line":151,"column":1}},"61":{"start":{"line":145,"column":2},"end":{"line":150,"column":4}},"62":{"start":{"line":147,"column":6},"end":{"line":147,"column":29}},"63":{"start":{"line":148,"column":6},"end":{"line":148,"column":63}},"64":{"start":{"line":148,"column":45},"end":{"line":148,"column":61}}},"fnMap":{"0":{"name":"(anonymous_0)","decl":{"start":{"line":23,"column":2},"end":{"line":23,"column":3}},"loc":{"start":{"line":23,"column":22},"end":{"line":27,"column":3}},"line":23},"1":{"name":"(anonymous_1)","decl":{"start":{"line":29,"column":2},"end":{"line":29,"column":3}},"loc":{"start":{"line":29,"column":25},"end":{"line":31,"column":3}},"line":29},"2":{"name":"(anonymous_2)","decl":{"start":{"line":33,"column":13},"end":{"line":33,"column":14}},"loc":{"start":{"line":33,"column":19},"end":{"line":38,"column":3}},"line":33},"3":{"name":"(anonymous_3)","decl":{"start":{"line":40,"column":2},"end":{"line":40,"column":3}},"loc":{"start":{"line":40,"column":58},"end":{"line":43,"column":3}},"line":40},"4":{"name":"(anonymous_4)","decl":{"start":{"line":45,"column":2},"end":{"line":45,"column":3}},"loc":{"start":{"line":45,"column":41},"end":{"line":59,"column":3}},"line":45},"5":{"name":"(anonymous_5)","decl":{"start":{"line":47,"column":42},"end":{"line":47,"column":43}},"loc":{"start":{"line":47,"column":47},"end":{"line":47,"column":76}},"line":47},"6":{"name":"(anonymous_6)","decl":{"start":{"line":50,"column":33},"end":{"line":50,"column":34}},"loc":{"start":{"line":50,"column":38},"end":{"line":50,"column":95}},"line":50},"7":{"name":"(anonymous_7)","decl":{"start":{"line":53,"column":33},"end":{"line":53,"column":34}},"loc":{"start":{"line":53,"column":38},"end":{"line":53,"column":95}},"line":53},"8":{"name":"(anonymous_8)","decl":{"start":{"line":56,"column":33},"end":{"line":56,"column":34}},"loc":{"start":{"line":56,"column":38},"end":{"line":56,"column":95}},"line":56},"9":{"name":"(anonymous_9)","decl":{"start":{"line":61,"column":2},"end":{"line":61,"column":3}},"loc":{"start":{"line":61,"column":36},"end":{"line":75,"column":3}},"line":61},"10":{"name":"(anonymous_10)","decl":{"start":{"line":63,"column":42},"end":{"line":63,"column":43}},"loc":{"start":{"line":63,"column":47},"end":{"line":63,"column":75}},"line":63},"11":{"name":"(anonymous_11)","decl":{"start":{"line":65,"column":26},"end":{"line":65,"column":27}},"loc":{"start":{"line":65,"column":36},"end":{"line":67,"column":7}},"line":65},"12":{"name":"(anonymous_12)","decl":{"start":{"line":70,"column":26},"end":{"line":70,"column":27}},"loc":{"start":{"line":70,"column":36},"end":{"line":72,"column":7}},"line":70},"13":{"name":"(anonymous_13)","decl":{"start":{"line":77,"column":2},"end":{"line":77,"column":3}},"loc":{"start":{"line":77,"column":63},"end":{"line":82,"column":3}},"line":77},"14":{"name":"(anonymous_14)","decl":{"start":{"line":84,"column":2},"end":{"line":84,"column":3}},"loc":{"start":{"line":84,"column":20},"end":{"line":105,"column":3}},"line":84},"15":{"name":"(anonymous_15)","decl":{"start":{"line":87,"column":48},"end":{"line":87,"column":49}},"loc":{"start":{"line":87,"column":53},"end":{"line":87,"column":83}},"line":87},"16":{"name":"(anonymous_16)","decl":{"start":{"line":88,"column":48},"end":{"line":88,"column":49}},"loc":{"start":{"line":88,"column":58},"end":{"line":88,"column":100}},"line":88},"17":{"name":"(anonymous_17)","decl":{"start":{"line":93,"column":49},"end":{"line":93,"column":50}},"loc":{"start":{"line":93,"column":54},"end":{"line":93,"column":85}},"line":93},"18":{"name":"(anonymous_18)","decl":{"start":{"line":94,"column":55},"end":{"line":94,"column":56}},"loc":{"start":{"line":94,"column":65},"end":{"line":94,"column":106}},"line":94},"19":{"name":"(anonymous_19)","decl":{"start":{"line":102,"column":37},"end":{"line":102,"column":38}},"loc":{"start":{"line":102,"column":58},"end":{"line":104,"column":5}},"line":102},"20":{"name":"(anonymous_20)","decl":{"start":{"line":107,"column":2},"end":{"line":107,"column":3}},"loc":{"start":{"line":107,"column":11},"end":{"line":127,"column":3}},"line":107},"21":{"name":"(anonymous_21)","decl":{"start":{"line":130,"column":24},"end":{"line":130,"column":25}},"loc":{"start":{"line":133,"column":42},"end":{"line":142,"column":1}},"line":133},"22":{"name":"(anonymous_22)","decl":{"start":{"line":144,"column":27},"end":{"line":144,"column":28}},"loc":{"start":{"line":144,"column":78},"end":{"line":151,"column":1}},"line":144},"23":{"name":"(anonymous_23)","decl":{"start":{"line":146,"column":18},"end":{"line":146,"column":19}},"loc":{"start":{"line":146,"column":41},"end":{"line":149,"column":5}},"line":146},"24":{"name":"(anonymous_24)","decl":{"start":{"line":148,"column":35},"end":{"line":148,"column":36}},"loc":{"start":{"line":148,"column":45},"end":{"line":148,"column":61}},"line":148}},"branchMap":{"0":{"loc":{"start":{"line":35,"column":4},"end":{"line":37,"column":5}},"type":"if","locations":[{"start":{"line":35,"column":4},"end":{"line":37,"column":5}},{"start":{"line":35,"column":4},"end":{"line":37,"column":5}}],"line":35},"1":{"loc":{"start":{"line":35,"column":8},"end":{"line":35,"column":106}},"type":"binary-expr","locations":[{"start":{"line":35,"column":8},"end":{"line":35,"column":83}},{"start":{"line":35,"column":87},"end":{"line":35,"column":94}},{"start":{"line":35,"column":98},"end":{"line":35,"column":106}}],"line":35},"2":{"loc":{"start":{"line":47,"column":24},"end":{"line":47,"column":83}},"type":"binary-expr","locations":[{"start":{"line":47,"column":24},"end":{"line":47,"column":77}},{"start":{"line":47,"column":81},"end":{"line":47,"column":83}}],"line":47},"3":{"loc":{"start":{"line":47,"column":47},"end":{"line":47,"column":76}},"type":"binary-expr","locations":[{"start":{"line":47,"column":47},"end":{"line":47,"column":63}},{"start":{"line":47,"column":67},"end":{"line":47,"column":76}}],"line":47},"4":{"loc":{"start":{"line":49,"column":4},"end":{"line":51,"column":5}},"type":"if","locations":[{"start":{"line":49,"column":4},"end":{"line":51,"column":5}},{"start":{"line":49,"column":4},"end":{"line":51,"column":5}}],"line":49},"5":{"loc":{"start":{"line":52,"column":4},"end":{"line":54,"column":5}},"type":"if","locations":[{"start":{"line":52,"column":4},"end":{"line":54,"column":5}},{"start":{"line":52,"column":4},"end":{"line":54,"column":5}}],"line":52},"6":{"loc":{"start":{"line":55,"column":4},"end":{"line":57,"column":5}},"type":"if","locations":[{"start":{"line":55,"column":4},"end":{"line":57,"column":5}},{"start":{"line":55,"column":4},"end":{"line":57,"column":5}}],"line":55},"7":{"loc":{"start":{"line":63,"column":24},"end":{"line":63,"column":82}},"type":"binary-expr","locations":[{"start":{"line":63,"column":24},"end":{"line":63,"column":76}},{"start":{"line":63,"column":80},"end":{"line":63,"column":82}}],"line":63},"8":{"loc":{"start":{"line":63,"column":47},"end":{"line":63,"column":75}},"type":"binary-expr","locations":[{"start":{"line":63,"column":47},"end":{"line":63,"column":62}},{"start":{"line":63,"column":66},"end":{"line":63,"column":75}}],"line":63},"9":{"loc":{"start":{"line":64,"column":4},"end":{"line":68,"column":5}},"type":"if","locations":[{"start":{"line":64,"column":4},"end":{"line":68,"column":5}},{"start":{"line":64,"column":4},"end":{"line":68,"column":5}}],"line":64},"10":{"loc":{"start":{"line":66,"column":15},"end":{"line":66,"column":45}},"type":"cond-expr","locations":[{"start":{"line":66,"column":39},"end":{"line":66,"column":40}},{"start":{"line":66,"column":43},"end":{"line":66,"column":45}}],"line":66},"11":{"loc":{"start":{"line":69,"column":4},"end":{"line":73,"column":5}},"type":"if","locations":[{"start":{"line":69,"column":4},"end":{"line":73,"column":5}},{"start":{"line":69,"column":4},"end":{"line":73,"column":5}}],"line":69},"12":{"loc":{"start":{"line":71,"column":15},"end":{"line":71,"column":45}},"type":"cond-expr","locations":[{"start":{"line":71,"column":39},"end":{"line":71,"column":40}},{"start":{"line":71,"column":43},"end":{"line":71,"column":45}}],"line":71},"13":{"loc":{"start":{"line":78,"column":4},"end":{"line":80,"column":5}},"type":"if","locations":[{"start":{"line":78,"column":4},"end":{"line":80,"column":5}},{"start":{"line":78,"column":4},"end":{"line":80,"column":5}}],"line":78},"14":{"loc":{"start":{"line":81,"column":35},"end":{"line":81,"column":68}},"type":"binary-expr","locations":[{"start":{"line":81,"column":35},"end":{"line":81,"column":63}},{"start":{"line":81,"column":67},"end":{"line":81,"column":68}}],"line":81},"15":{"loc":{"start":{"line":87,"column":30},"end":{"line":87,"column":90}},"type":"binary-expr","locations":[{"start":{"line":87,"column":30},"end":{"line":87,"column":84}},{"start":{"line":87,"column":88},"end":{"line":87,"column":90}}],"line":87},"16":{"loc":{"start":{"line":87,"column":53},"end":{"line":87,"column":83}},"type":"binary-expr","locations":[{"start":{"line":87,"column":53},"end":{"line":87,"column":70}},{"start":{"line":87,"column":74},"end":{"line":87,"column":83}}],"line":87},"17":{"loc":{"start":{"line":88,"column":26},"end":{"line":88,"column":39}},"type":"binary-expr","locations":[{"start":{"line":88,"column":26},"end":{"line":88,"column":33}},{"start":{"line":88,"column":37},"end":{"line":88,"column":39}}],"line":88},"18":{"loc":{"start":{"line":93,"column":31},"end":{"line":93,"column":92}},"type":"binary-expr","locations":[{"start":{"line":93,"column":31},"end":{"line":93,"column":86}},{"start":{"line":93,"column":90},"end":{"line":93,"column":92}}],"line":93},"19":{"loc":{"start":{"line":93,"column":54},"end":{"line":93,"column":85}},"type":"binary-expr","locations":[{"start":{"line":93,"column":54},"end":{"line":93,"column":72}},{"start":{"line":93,"column":76},"end":{"line":93,"column":85}}],"line":93},"20":{"loc":{"start":{"line":94,"column":27},"end":{"line":94,"column":46}},"type":"binary-expr","locations":[{"start":{"line":94,"column":27},"end":{"line":94,"column":40}},{"start":{"line":94,"column":44},"end":{"line":94,"column":46}}],"line":94},"21":{"loc":{"start":{"line":96,"column":4},"end":{"line":100,"column":5}},"type":"if","locations":[{"start":{"line":96,"column":4},"end":{"line":100,"column":5}},{"start":{"line":96,"column":4},"end":{"line":100,"column":5}}],"line":96},"22":{"loc":{"start":{"line":96,"column":9},"end":{"line":96,"column":28}},"type":"binary-expr","locations":[{"start":{"line":96,"column":9},"end":{"line":96,"column":22}},{"start":{"line":96,"column":26},"end":{"line":96,"column":28}}],"line":96},"23":{"loc":{"start":{"line":102,"column":12},"end":{"line":102,"column":31}},"type":"binary-expr","locations":[{"start":{"line":102,"column":12},"end":{"line":102,"column":25}},{"start":{"line":102,"column":29},"end":{"line":102,"column":31}}],"line":102},"24":{"loc":{"start":{"line":109,"column":4},"end":{"line":113,"column":5}},"type":"if","locations":[{"start":{"line":109,"column":4},"end":{"line":113,"column":5}},{"start":{"line":109,"column":4},"end":{"line":113,"column":5}}],"line":109},"25":{"loc":{"start":{"line":114,"column":4},"end":{"line":118,"column":5}},"type":"if","locations":[{"start":{"line":114,"column":4},"end":{"line":118,"column":5}},{"start":{"line":114,"column":4},"end":{"line":118,"column":5}}],"line":114}},"s":{"0":4,"1":4,"2":4,"3":0,"4":0,"5":0,"6":0,"7":2,"8":2,"9":2,"10":2,"11":4,"12":2,"13":2,"14":0,"15":0,"16":2,"17":0,"18":0,"19":2,"20":0,"21":0,"22":2,"23":2,"24":2,"25":6,"26":2,"27":0,"28":0,"29":2,"30":0,"31":0,"32":2,"33":2,"34":2,"35":0,"36":2,"37":2,"38":2,"39":2,"40":2,"41":2,"42":2,"43":2,"44":2,"45":8,"46":2,"47":2,"48":2,"49":1,"50":1,"51":2,"52":4,"53":4,"54":1,"55":3,"56":1,"57":2,"58":2,"59":4,"60":2,"61":4,"62":4,"63":4,"64":0},"f":{"0":4,"1":0,"2":0,"3":2,"4":2,"5":4,"6":0,"7":0,"8":0,"9":2,"10":6,"11":0,"12":0,"13":2,"14":2,"15":2,"16":2,"17":8,"18":2,"19":2,"20":4,"21":4,"22":4,"23":4,"24":0},"b":{"0":[0,0],"1":[0,0,0],"2":[2,0],"3":[4,2],"4":[0,2],"5":[0,2],"6":[0,2],"7":[2,0],"8":[6,2],"9":[0,2],"10":[0,0],"11":[0,2],"12":[0,0],"13":[2,0],"14":[0,0],"15":[2,0],"16":[2,2],"17":[2,0],"18":[2,0],"19":[8,2],"20":[2,0],"21":[1,1],"22":[2,0],"23":[1,0],"24":[1,3],"25":[1,2]},"_coverageSchema":"332fd63041d2c1bcb487cc26dd0d5f7d97098a6c","hash":"75fad3406f9f031dd53f173d849020e48542d512"}
,"/Users/herat/Documents/GitHub/sellics/frontend/src/components/ReviewFilter.tsx": {"path":"/Users/herat/Documents/GitHub/sellics/frontend/src/components/ReviewFilter.tsx","statementMap":{"0":{"start":{"line":24,"column":4},"end":{"line":24,"column":43}},"1":{"start":{"line":28,"column":24},"end":{"line":28,"column":45}},"2":{"start":{"line":29,"column":4},"end":{"line":29,"column":43}},"3":{"start":{"line":33,"column":4},"end":{"line":42,"column":5}},"4":{"start":{"line":39,"column":29},"end":{"line":39,"column":54}},"5":{"start":{"line":46,"column":4},"end":{"line":55,"column":5}},"6":{"start":{"line":59,"column":4},"end":{"line":59,"column":56}},"7":{"start":{"line":63,"column":4},"end":{"line":65,"column":7}},"8":{"start":{"line":69,"column":4},"end":{"line":71,"column":7}},"9":{"start":{"line":77,"column":31},"end":{"line":77,"column":37}},"10":{"start":{"line":78,"column":43},"end":{"line":78,"column":53}},"11":{"start":{"line":79,"column":4},"end":{"line":90,"column":5}},"12":{"start":{"line":94,"column":29},"end":{"line":94,"column":39}},"13":{"start":{"line":95,"column":4},"end":{"line":111,"column":6}},"14":{"start":{"line":95,"column":36},"end":{"line":95,"column":45}},"15":{"start":{"line":96,"column":6},"end":{"line":100,"column":7}},"16":{"start":{"line":97,"column":8},"end":{"line":99,"column":9}},"17":{"start":{"line":101,"column":6},"end":{"line":105,"column":7}},"18":{"start":{"line":102,"column":8},"end":{"line":104,"column":9}},"19":{"start":{"line":106,"column":6},"end":{"line":110,"column":7}},"20":{"start":{"line":107,"column":8},"end":{"line":109,"column":9}},"21":{"start":{"line":115,"column":4},"end":{"line":126,"column":6}},"22":{"start":{"line":131,"column":24},"end":{"line":135,"column":1}},"23":{"start":{"line":132,"column":2},"end":{"line":134,"column":3}},"24":{"start":{"line":137,"column":27},"end":{"line":141,"column":1}},"25":{"start":{"line":138,"column":2},"end":{"line":140,"column":3}},"26":{"start":{"line":139,"column":50},"end":{"line":139,"column":83}}},"fnMap":{"0":{"name":"(anonymous_0)","decl":{"start":{"line":23,"column":19},"end":{"line":23,"column":20}},"loc":{"start":{"line":23,"column":56},"end":{"line":25,"column":3}},"line":23},"1":{"name":"(anonymous_1)","decl":{"start":{"line":27,"column":11},"end":{"line":27,"column":12}},"loc":{"start":{"line":27,"column":35},"end":{"line":30,"column":3}},"line":27},"2":{"name":"(anonymous_2)","decl":{"start":{"line":32,"column":2},"end":{"line":32,"column":3}},"loc":{"start":{"line":32,"column":43},"end":{"line":43,"column":3}},"line":32},"3":{"name":"(anonymous_3)","decl":{"start":{"line":39,"column":20},"end":{"line":39,"column":21}},"loc":{"start":{"line":39,"column":27},"end":{"line":39,"column":56}},"line":39},"4":{"name":"(anonymous_4)","decl":{"start":{"line":45,"column":2},"end":{"line":45,"column":3}},"loc":{"start":{"line":45,"column":46},"end":{"line":56,"column":3}},"line":45},"5":{"name":"(anonymous_5)","decl":{"start":{"line":58,"column":16},"end":{"line":58,"column":17}},"loc":{"start":{"line":58,"column":72},"end":{"line":60,"column":3}},"line":58},"6":{"name":"(anonymous_6)","decl":{"start":{"line":62,"column":16},"end":{"line":62,"column":17}},"loc":{"start":{"line":62,"column":72},"end":{"line":66,"column":3}},"line":62},"7":{"name":"(anonymous_7)","decl":{"start":{"line":68,"column":19},"end":{"line":68,"column":20}},"loc":{"start":{"line":68,"column":75},"end":{"line":72,"column":3}},"line":68},"8":{"name":"(anonymous_8)","decl":{"start":{"line":76,"column":2},"end":{"line":76,"column":3}},"loc":{"start":{"line":76,"column":39},"end":{"line":91,"column":3}},"line":76},"9":{"name":"(anonymous_9)","decl":{"start":{"line":93,"column":2},"end":{"line":93,"column":3}},"loc":{"start":{"line":93,"column":18},"end":{"line":112,"column":3}},"line":93},"10":{"name":"(anonymous_10)","decl":{"start":{"line":95,"column":31},"end":{"line":95,"column":32}},"loc":{"start":{"line":95,"column":36},"end":{"line":95,"column":45}},"line":95},"11":{"name":"(anonymous_11)","decl":{"start":{"line":95,"column":51},"end":{"line":95,"column":52}},"loc":{"start":{"line":95,"column":56},"end":{"line":111,"column":5}},"line":95},"12":{"name":"(anonymous_12)","decl":{"start":{"line":114,"column":2},"end":{"line":114,"column":3}},"loc":{"start":{"line":114,"column":11},"end":{"line":127,"column":3}},"line":114},"13":{"name":"(anonymous_13)","decl":{"start":{"line":131,"column":24},"end":{"line":131,"column":25}},"loc":{"start":{"line":131,"column":100},"end":{"line":135,"column":1}},"line":131},"14":{"name":"(anonymous_14)","decl":{"start":{"line":137,"column":27},"end":{"line":137,"column":28}},"loc":{"start":{"line":137,"column":72},"end":{"line":141,"column":1}},"line":137},"15":{"name":"(anonymous_15)","decl":{"start":{"line":139,"column":16},"end":{"line":139,"column":17}},"loc":{"start":{"line":139,"column":48},"end":{"line":139,"column":85}},"line":139}},"branchMap":{"0":{"loc":{"start":{"line":84,"column":17},"end":{"line":84,"column":54}},"type":"binary-expr","locations":[{"start":{"line":84,"column":17},"end":{"line":84,"column":28}},{"start":{"line":84,"column":32},"end":{"line":84,"column":54}}],"line":84},"1":{"loc":{"start":{"line":96,"column":6},"end":{"line":100,"column":7}},"type":"if","locations":[{"start":{"line":96,"column":6},"end":{"line":100,"column":7}},{"start":{"line":96,"column":6},"end":{"line":100,"column":7}}],"line":96},"2":{"loc":{"start":{"line":101,"column":6},"end":{"line":105,"column":7}},"type":"if","locations":[{"start":{"line":101,"column":6},"end":{"line":105,"column":7}},{"start":{"line":101,"column":6},"end":{"line":105,"column":7}}],"line":101},"3":{"loc":{"start":{"line":106,"column":6},"end":{"line":110,"column":7}},"type":"if","locations":[{"start":{"line":106,"column":6},"end":{"line":110,"column":7}},{"start":{"line":106,"column":6},"end":{"line":110,"column":7}}],"line":106}},"s":{"0":0,"1":0,"2":0,"3":2,"4":0,"5":4,"6":0,"7":0,"8":0,"9":2,"10":2,"11":2,"12":2,"13":2,"14":8,"15":8,"16":4,"17":4,"18":2,"19":2,"20":2,"21":2,"22":2,"23":2,"24":2,"25":2,"26":0},"f":{"0":0,"1":0,"2":2,"3":0,"4":4,"5":0,"6":0,"7":0,"8":2,"9":2,"10":8,"11":8,"12":2,"13":2,"14":2,"15":0},"b":{"0":[2,2],"1":[4,4],"2":[2,2],"3":[2,0]},"_coverageSchema":"332fd63041d2c1bcb487cc26dd0d5f7d97098a6c","hash":"787b4afe375e9ab96ff749705347b73385692826"}
,"/Users/herat/Documents/GitHub/sellics/frontend/src/components/ReviewRow.tsx": {"path":"/Users/herat/Documents/GitHub/sellics/frontend/src/components/ReviewRow.tsx","statementMap":{"0":{"start":{"line":13,"column":23},"end":{"line":13,"column":33}},"1":{"start":{"line":15,"column":41},"end":{"line":15,"column":54}},"2":{"start":{"line":16,"column":4},"end":{"line":68,"column":5}},"3":{"start":{"line":72,"column":4},"end":{"line":76,"column":5}}},"fnMap":{"0":{"name":"(anonymous_0)","decl":{"start":{"line":12,"column":2},"end":{"line":12,"column":3}},"loc":{"start":{"line":12,"column":17},"end":{"line":69,"column":3}},"line":12},"1":{"name":"(anonymous_1)","decl":{"start":{"line":71,"column":2},"end":{"line":71,"column":3}},"loc":{"start":{"line":71,"column":11},"end":{"line":77,"column":3}},"line":71}},"branchMap":{},"s":{"0":4,"1":4,"2":4,"3":4},"f":{"0":4,"1":4},"b":{},"_coverageSchema":"332fd63041d2c1bcb487cc26dd0d5f7d97098a6c","hash":"66dba42667ebc9bb7dd48c4e47186d7c5d5bcb8a"}
,"/Users/herat/Documents/GitHub/sellics/frontend/src/containers/ErrorPage.tsx": {"path":"/Users/herat/Documents/GitHub/sellics/frontend/src/containers/ErrorPage.tsx","statementMap":{"0":{"start":{"line":5,"column":2},"end":{"line":19,"column":3}}},"fnMap":{"0":{"name":"(anonymous_0)","decl":{"start":{"line":4,"column":15},"end":{"line":4,"column":16}},"loc":{"start":{"line":4,"column":39},"end":{"line":20,"column":1}},"line":4}},"branchMap":{},"s":{"0":2},"f":{"0":2},"b":{},"_coverageSchema":"332fd63041d2c1bcb487cc26dd0d5f7d97098a6c","hash":"257b868ea1fc114bad380a3d9230b61aea52eb09"}
,"/Users/herat/Documents/GitHub/sellics/frontend/src/containers/Footer.tsx": {"path":"/Users/herat/Documents/GitHub/sellics/frontend/src/containers/Footer.tsx","statementMap":{"0":{"start":{"line":3,"column":2},"end":{"line":7,"column":3}}},"fnMap":{"0":{"name":"(anonymous_0)","decl":{"start":{"line":2,"column":15},"end":{"line":2,"column":16}},"loc":{"start":{"line":2,"column":27},"end":{"line":8,"column":1}},"line":2}},"branchMap":{},"s":{"0":1},"f":{"0":1},"b":{},"_coverageSchema":"332fd63041d2c1bcb487cc26dd0d5f7d97098a6c","hash":"631a2905321b84c5868ac882895f19652c44220a"}
,"/Users/herat/Documents/GitHub/sellics/frontend/src/containers/Header.tsx": {"path":"/Users/herat/Documents/GitHub/sellics/frontend/src/containers/Header.tsx","statementMap":{"0":{"start":{"line":4,"column":2},"end":{"line":13,"column":3}}},"fnMap":{"0":{"name":"(anonymous_0)","decl":{"start":{"line":3,"column":15},"end":{"line":3,"column":16}},"loc":{"start":{"line":3,"column":27},"end":{"line":14,"column":1}},"line":3}},"branchMap":{},"s":{"0":1},"f":{"0":1},"b":{},"_coverageSchema":"332fd63041d2c1bcb487cc26dd0d5f7d97098a6c","hash":"73437d09260e2038bbb88c8d9c20575a3f84ec11"}
,"/Users/herat/Documents/GitHub/sellics/frontend/src/reducers/filter.reducer.ts": {"path":"/Users/herat/Documents/GitHub/sellics/frontend/src/reducers/filter.reducer.ts","statementMap":{"0":{"start":{"line":9,"column":44},"end":{"line":11,"column":1}},"1":{"start":{"line":14,"column":2},"end":{"line":27,"column":3}},"2":{"start":{"line":16,"column":23},"end":{"line":16,"column":40}},"3":{"start":{"line":17,"column":26},"end":{"line":17,"column":46}},"4":{"start":{"line":18,"column":29},"end":{"line":23,"column":8}},"5":{"start":{"line":19,"column":8},"end":{"line":21,"column":9}},"6":{"start":{"line":20,"column":10},"end":{"line":20,"column":71}},"7":{"start":{"line":22,"column":8},"end":{"line":22,"column":17}},"8":{"start":{"line":24,"column":6},"end":{"line":24,"column":72}},"9":{"start":{"line":26,"column":6},"end":{"line":26,"column":19}},"10":{"start":{"line":31,"column":2},"end":{"line":62,"column":5}}},"fnMap":{"0":{"name":"(anonymous_0)","decl":{"start":{"line":13,"column":15},"end":{"line":13,"column":16}},"loc":{"start":{"line":13,"column":96},"end":{"line":28,"column":1}},"line":13},"1":{"name":"(anonymous_1)","decl":{"start":{"line":18,"column":52},"end":{"line":18,"column":53}},"loc":{"start":{"line":18,"column":57},"end":{"line":23,"column":7}},"line":18},"2":{"name":"getInitialConfig","decl":{"start":{"line":30,"column":16},"end":{"line":30,"column":32}},"loc":{"start":{"line":30,"column":57},"end":{"line":63,"column":1}},"line":30}},"branchMap":{"0":{"loc":{"start":{"line":13,"column":25},"end":{"line":13,"column":61}},"type":"default-arg","locations":[{"start":{"line":13,"column":49},"end":{"line":13,"column":61}}],"line":13},"1":{"loc":{"start":{"line":14,"column":2},"end":{"line":27,"column":3}},"type":"switch","locations":[{"start":{"line":15,"column":4},"end":{"line":24,"column":72}},{"start":{"line":25,"column":4},"end":{"line":26,"column":19}}],"line":14},"2":{"loc":{"start":{"line":19,"column":8},"end":{"line":21,"column":9}},"type":"if","locations":[{"start":{"line":19,"column":8},"end":{"line":21,"column":9}},{"start":{"line":19,"column":8},"end":{"line":21,"column":9}}],"line":19}},"s":{"0":2,"1":3,"2":2,"3":2,"4":2,"5":8,"6":1,"7":7,"8":2,"9":1,"10":6},"f":{"0":3,"1":8,"2":6},"b":{"0":[0],"1":[2,1],"2":[1,7]},"_coverageSchema":"332fd63041d2c1bcb487cc26dd0d5f7d97098a6c","hash":"0d345cadee0bda6d4bd6b87ca2bf2d0c8c335cc1"}
,"/Users/herat/Documents/GitHub/sellics/frontend/src/reducers/index.ts": {"path":"/Users/herat/Documents/GitHub/sellics/frontend/src/reducers/index.ts","statementMap":{"0":{"start":{"line":1,"column":0},"end":{"line":null,"column":-1}},"1":{"start":{"line":2,"column":0},"end":{"line":null,"column":-1}},"2":{"start":{"line":3,"column":0},"end":{"line":null,"column":-1}},"3":{"start":{"line":5,"column":26},"end":{"line":5,"column":7}}},"fnMap":{},"branchMap":{},"s":{"0":0,"1":0,"2":0,"3":0},"f":{},"b":{}}
,"/Users/herat/Documents/GitHub/sellics/frontend/src/reducers/review.reducer.ts": {"path":"/Users/herat/Documents/GitHub/sellics/frontend/src/reducers/review.reducer.ts","statementMap":{"0":{"start":{"line":32,"column":44},"end":{"line":38,"column":1}},"1":{"start":{"line":41,"column":2},"end":{"line":56,"column":3}},"2":{"start":{"line":43,"column":6},"end":{"line":43,"column":57}},"3":{"start":{"line":45,"column":6},"end":{"line":51,"column":9}},"4":{"start":{"line":53,"column":6},"end":{"line":53,"column":55}},"5":{"start":{"line":55,"column":6},"end":{"line":55,"column":19}}},"fnMap":{"0":{"name":"(anonymous_0)","decl":{"start":{"line":40,"column":15},"end":{"line":40,"column":16}},"loc":{"start":{"line":40,"column":96},"end":{"line":57,"column":1}},"line":40}},"branchMap":{"0":{"loc":{"start":{"line":40,"column":25},"end":{"line":40,"column":61}},"type":"default-arg","locations":[{"start":{"line":40,"column":49},"end":{"line":40,"column":61}}],"line":40},"1":{"loc":{"start":{"line":41,"column":2},"end":{"line":56,"column":3}},"type":"switch","locations":[{"start":{"line":42,"column":4},"end":{"line":43,"column":57}},{"start":{"line":44,"column":4},"end":{"line":51,"column":9}},{"start":{"line":52,"column":4},"end":{"line":53,"column":55}},{"start":{"line":54,"column":4},"end":{"line":55,"column":19}}],"line":41},"2":{"loc":{"start":{"line":46,"column":40},"end":{"line":46,"column":68}},"type":"binary-expr","locations":[{"start":{"line":46,"column":40},"end":{"line":46,"column":62}},{"start":{"line":46,"column":66},"end":{"line":46,"column":68}}],"line":46},"3":{"loc":{"start":{"line":50,"column":19},"end":{"line":50,"column":81}},"type":"cond-expr","locations":[{"start":{"line":50,"column":44},"end":{"line":50,"column":63}},{"start":{"line":50,"column":66},"end":{"line":50,"column":81}}],"line":50}},"s":{"0":1,"1":6,"2":1,"3":3,"4":1,"5":1},"f":{"0":6},"b":{"0":[0],"1":[1,3,1,1],"2":[3,0],"3":[0,3]},"_coverageSchema":"332fd63041d2c1bcb487cc26dd0d5f7d97098a6c","hash":"136309e21841f045988d36767e50baf404114606"}
,"/Users/herat/Documents/GitHub/sellics/frontend/src/reducers/mocks/reviews.mock.ts": {"path":"/Users/herat/Documents/GitHub/sellics/frontend/src/reducers/mocks/reviews.mock.ts","statementMap":{"0":{"start":{"line":1,"column":27},"end":{"line":32,"column":1}}},"fnMap":{},"branchMap":{},"s":{"0":4},"f":{},"b":{},"_coverageSchema":"332fd63041d2c1bcb487cc26dd0d5f7d97098a6c","hash":"344487abdb89b2ed319cb2adab95cf5276657ee1"}
,"/Users/herat/Documents/GitHub/sellics/frontend/src/utils/constants.ts": {"path":"/Users/herat/Documents/GitHub/sellics/frontend/src/utils/constants.ts","statementMap":{"0":{"start":{"line":1,"column":35},"end":{"line":1,"column":56}},"1":{"start":{"line":2,"column":37},"end":{"line":2,"column":60}},"2":{"start":{"line":3,"column":34},"end":{"line":3,"column":54}},"3":{"start":{"line":4,"column":27},"end":{"line":4,"column":41}}},"fnMap":{},"branchMap":{},"s":{"0":6,"1":6,"2":6,"3":6},"f":{},"b":{},"_coverageSchema":"332fd63041d2c1bcb487cc26dd0d5f7d97098a6c","hash":"56dcbafbc6d2f7dfaafa3a903245bcee7168e7fb"}
,"/Users/herat/Documents/GitHub/sellics/frontend/src/utils/fetchWrapper.ts": {"path":"/Users/herat/Documents/GitHub/sellics/frontend/src/utils/fetchWrapper.ts","statementMap":{"0":{"start":{"line":1,"column":28},"end":{"line":22,"column":1}},"1":{"start":{"line":2,"column":27},"end":{"line":13,"column":3}},"2":{"start":{"line":14,"column":2},"end":{"line":21,"column":43}},"3":{"start":{"line":16,"column":6},"end":{"line":18,"column":7}},"4":{"start":{"line":17,"column":8},"end":{"line":17,"column":29}},"5":{"start":{"line":19,"column":6},"end":{"line":19,"column":43}},"6":{"start":{"line":21,"column":20},"end":{"line":21,"column":41}}},"fnMap":{"0":{"name":"(anonymous_0)","decl":{"start":{"line":1,"column":28},"end":{"line":1,"column":29}},"loc":{"start":{"line":1,"column":73},"end":{"line":22,"column":1}},"line":1},"1":{"name":"(anonymous_1)","decl":{"start":{"line":15,"column":10},"end":{"line":15,"column":11}},"loc":{"start":{"line":15,"column":20},"end":{"line":20,"column":5}},"line":15},"2":{"name":"(anonymous_2)","decl":{"start":{"line":21,"column":11},"end":{"line":21,"column":12}},"loc":{"start":{"line":21,"column":20},"end":{"line":21,"column":41}},"line":21}},"branchMap":{"0":{"loc":{"start":{"line":1,"column":42},"end":{"line":1,"column":56}},"type":"default-arg","locations":[{"start":{"line":1,"column":51},"end":{"line":1,"column":56}}],"line":1},"1":{"loc":{"start":{"line":16,"column":6},"end":{"line":18,"column":7}},"type":"if","locations":[{"start":{"line":16,"column":6},"end":{"line":18,"column":7}},{"start":{"line":16,"column":6},"end":{"line":18,"column":7}}],"line":16}},"s":{"0":3,"1":5,"2":5,"3":0,"4":0,"5":0,"6":0},"f":{"0":5,"1":0,"2":0},"b":{"0":[5],"1":[0,0]},"_coverageSchema":"332fd63041d2c1bcb487cc26dd0d5f7d97098a6c","hash":"5b075ce97b2026d80c94f5365739a3ae23573fbe"}
}
