{"/Users/herat/Documents/GitHub/sellics/frontend/src/App.tsx": {"path":"/Users/herat/Documents/GitHub/sellics/frontend/src/App.tsx","statementMap":{"0":{"start":{"line":10,"column":4},"end":{"line":18,"column":6}}},"fnMap":{"0":{"name":"(anonymous_0)","decl":{"start":{"line":9,"column":2},"end":{"line":9,"column":3}},"loc":{"start":{"line":9,"column":11},"end":{"line":19,"column":3}},"line":9}},"branchMap":{},"s":{"0":1},"f":{"0":1},"b":{},"_coverageSchema":"332fd63041d2c1bcb487cc26dd0d5f7d97098a6c","hash":"c5f0a909aeb20f98fab19cfd7e2745c2cfa9b845"}
,"/Users/herat/Documents/GitHub/sellics/frontend/src/index.tsx": {"path":"/Users/herat/Documents/GitHub/sellics/frontend/src/index.tsx","statementMap":{"0":{"start":{"line":1,"column":0},"end":{"line":null,"column":-1}},"1":{"start":{"line":2,"column":0},"end":{"line":null,"column":-1}},"2":{"start":{"line":3,"column":0},"end":{"line":null,"column":-1}},"3":{"start":{"line":4,"column":0},"end":{"line":null,"column":-1}},"4":{"start":{"line":5,"column":0},"end":{"line":null,"column":-1}},"5":{"start":{"line":6,"column":0},"end":{"line":null,"column":-1}},"6":{"start":{"line":7,"column":0},"end":{"line":null,"column":-1}},"7":{"start":{"line":8,"column":0},"end":{"line":null,"column":-1}},"8":{"start":{"line":9,"column":0},"end":{"line":null,"column":-1}},"9":{"start":{"line":10,"column":0},"end":{"line":null,"column":-1}},"10":{"start":{"line":13,"column":14},"end":{"line":13,"column":0}},"11":{"start":{"line":24,"column":0},"end":{"line":null,"column":-1}}},"fnMap":{},"branchMap":{},"s":{"0":0,"1":0,"2":0,"3":0,"4":0,"5":0,"6":0,"7":0,"8":0,"9":0,"10":0,"11":0},"f":{},"b":{}}
,"/Users/herat/Documents/GitHub/sellics/frontend/src/serviceWorker.ts": {"path":"/Users/herat/Documents/GitHub/sellics/frontend/src/serviceWorker.ts","statementMap":{"0":{"start":{"line":13,"column":20},"end":{"line":13,"column":0}},"1":{"start":{"line":29,"column":2},"end":{"line":62,"column":3}},"2":{"start":{"line":31,"column":22},"end":{"line":31,"column":4}},"3":{"start":{"line":35,"column":4},"end":{"line":40,"column":5}},"4":{"start":{"line":39,"column":6},"end":{"line":null,"column":-1}},"5":{"start":{"line":42,"column":4},"end":{"line":null,"column":-1}},"6":{"start":{"line":43,"column":21},"end":{"line":43,"column":6}},"7":{"start":{"line":45,"column":6},"end":{"line":60,"column":7}},"8":{"start":{"line":47,"column":8},"end":{"line":45,"column":23}},"9":{"start":{"line":51,"column":8},"end":{"line":null,"column":-1}},"10":{"start":{"line":52,"column":10},"end":{"line":null,"column":-1}},"11":{"start":{"line":59,"column":8},"end":{"line":null,"column":-1}},"12":{"start":{"line":66,"column":2},"end":{"line":null,"column":-1}},"13":{"start":{"line":69,"column":6},"end":{"line":null,"column":-1}},"14":{"start":{"line":70,"column":33},"end":{"line":70,"column":8}},"15":{"start":{"line":71,"column":8},"end":{"line":73,"column":9}},"16":{"start":{"line":72,"column":10},"end":{"line":null,"column":-1}},"17":{"start":{"line":74,"column":8},"end":{"line":null,"column":-1}},"18":{"start":{"line":75,"column":10},"end":{"line":100,"column":11}},"19":{"start":{"line":76,"column":12},"end":{"line":99,"column":13}},"20":{"start":{"line":80,"column":14},"end":{"line":76,"column":52}},"21":{"start":{"line":86,"column":14},"end":{"line":88,"column":15}},"22":{"start":{"line":87,"column":16},"end":{"line":null,"column":-1}},"23":{"start":{"line":93,"column":14},"end":{"line":89,"column":19}},"24":{"start":{"line":96,"column":14},"end":{"line":98,"column":15}},"25":{"start":{"line":97,"column":16},"end":{"line":null,"column":-1}},"26":{"start":{"line":105,"column":6},"end":{"line":null,"column":-1}},"27":{"start":{"line":111,"column":2},"end":{"line":null,"column":-1}},"28":{"start":{"line":114,"column":26},"end":{"line":114,"column":6}},"29":{"start":{"line":115,"column":6},"end":{"line":128,"column":7}},"30":{"start":{"line":120,"column":8},"end":{"line":null,"column":-1}},"31":{"start":{"line":121,"column":10},"end":{"line":null,"column":-1}},"32":{"start":{"line":122,"column":12},"end":{"line":null,"column":-1}},"33":{"start":{"line":127,"column":8},"end":{"line":null,"column":-1}},"34":{"start":{"line":131,"column":6},"end":{"line":null,"column":-1}},"35":{"start":{"line":138,"column":2},"end":{"line":142,"column":3}},"36":{"start":{"line":139,"column":4},"end":{"line":null,"column":-1}},"37":{"start":{"line":140,"column":6},"end":{"line":null,"column":-1}}},"fnMap":{"0":{"name":"register","decl":{"start":{"line":28,"column":16},"end":{"line":28,"column":7}},"loc":{"start":{"line":28,"column":42},"end":{"line":63,"column":1}}},"1":{"name":"(anonymous_1)","decl":{"start":{"line":42,"column":36},"end":{"line":42,"column":41}},"loc":{"start":{"line":42,"column":42},"end":{"line":42,"column":4}}},"2":{"name":"(anonymous_2)","decl":{"start":{"line":51,"column":43},"end":{"line":51,"column":48}},"loc":{"start":{"line":51,"column":49},"end":{"line":51,"column":8}}},"3":{"name":"registerValidSW","decl":{"start":{"line":65,"column":9},"end":{"line":65,"column":0}},"loc":{"start":{"line":65,"column":57},"end":{"line":107,"column":1}}},"4":{"name":"(anonymous_4)","decl":{"start":{"line":68,"column":10},"end":{"line":68,"column":21}},"loc":{"start":{"line":68,"column":26},"end":{"line":66,"column":2}}},"5":{"name":"(anonymous_5)","decl":{"start":{"line":69,"column":35},"end":{"line":69,"column":40}},"loc":{"start":{"line":69,"column":41},"end":{"line":69,"column":6}}},"6":{"name":"(anonymous_6)","decl":{"start":{"line":74,"column":41},"end":{"line":74,"column":46}},"loc":{"start":{"line":74,"column":47},"end":{"line":74,"column":8}}},"7":{"name":"(anonymous_7)","decl":{"start":{"line":104,"column":11},"end":{"line":104,"column":15}},"loc":{"start":{"line":104,"column":20},"end":{"line":66,"column":2}}},"8":{"name":"checkValidServiceWorker","decl":{"start":{"line":109,"column":9},"end":{"line":109,"column":0}},"loc":{"start":{"line":109,"column":65},"end":{"line":135,"column":1}}},"9":{"name":"(anonymous_9)","decl":{"start":{"line":112,"column":10},"end":{"line":112,"column":17}},"loc":{"start":{"line":112,"column":22},"end":{"line":111,"column":2}}},"10":{"name":"(anonymous_10)","decl":{"start":{"line":120,"column":43},"end":{"line":120,"column":54}},"loc":{"start":{"line":120,"column":59},"end":{"line":120,"column":8}}},"11":{"name":"(anonymous_11)","decl":{"start":{"line":121,"column":41},"end":{"line":121,"column":46}},"loc":{"start":{"line":121,"column":47},"end":{"line":121,"column":10}}},"12":{"name":"(anonymous_12)","decl":{"start":{"line":130,"column":11},"end":{"line":130,"column":16}},"loc":{"start":{"line":130,"column":17},"end":{"line":111,"column":2}}},"13":{"name":"unregister","decl":{"start":{"line":137,"column":16},"end":{"line":137,"column":7}},"loc":{"start":{"line":137,"column":29},"end":{"line":143,"column":1}}},"14":{"name":"(anonymous_14)","decl":{"start":{"line":139,"column":39},"end":{"line":139,"column":50}},"loc":{"start":{"line":139,"column":55},"end":{"line":139,"column":4}}}},"branchMap":{"0":{"loc":{"start":{"line":14,"column":2},"end":{"line":14,"column":1}},"type":"binary-expr","locations":[{"start":{"line":14,"column":2},"end":{"line":14,"column":1}},{"start":{"line":16,"column":4},"end":{"line":14,"column":2}},{"start":{"line":18,"column":4},"end":{"line":13,"column":27}}]},"1":{"loc":{"start":{"line":29,"column":2},"end":{"line":62,"column":3}},"type":"if","locations":[{"start":{"line":29,"column":2},"end":{"line":62,"column":3}},{"start":{"line":29,"column":2},"end":{"line":62,"column":3}}]},"2":{"loc":{"start":{"line":29,"column":6},"end":{"line":29,"column":5}},"type":"binary-expr","locations":[{"start":{"line":29,"column":6},"end":{"line":29,"column":5}},{"start":{"line":29,"column":47},"end":{"line":29,"column":2}}]},"3":{"loc":{"start":{"line":35,"column":4},"end":{"line":40,"column":5}},"type":"if","locations":[{"start":{"line":35,"column":4},"end":{"line":40,"column":5}},{"start":{"line":35,"column":4},"end":{"line":40,"column":5}}]},"4":{"loc":{"start":{"line":45,"column":6},"end":{"line":60,"column":7}},"type":"if","locations":[{"start":{"line":45,"column":6},"end":{"line":60,"column":7}},{"start":{"line":45,"column":6},"end":{"line":60,"column":7}}]},"5":{"loc":{"start":{"line":71,"column":8},"end":{"line":73,"column":9}},"type":"if","locations":[{"start":{"line":71,"column":8},"end":{"line":73,"column":9}},{"start":{"line":71,"column":8},"end":{"line":73,"column":9}}]},"6":{"loc":{"start":{"line":75,"column":10},"end":{"line":100,"column":11}},"type":"if","locations":[{"start":{"line":75,"column":10},"end":{"line":100,"column":11}},{"start":{"line":75,"column":10},"end":{"line":100,"column":11}}]},"7":{"loc":{"start":{"line":76,"column":12},"end":{"line":99,"column":13}},"type":"if","locations":[{"start":{"line":76,"column":12},"end":{"line":99,"column":13}},{"start":{"line":76,"column":12},"end":{"line":99,"column":13}}]},"8":{"loc":{"start":{"line":86,"column":14},"end":{"line":88,"column":15}},"type":"if","locations":[{"start":{"line":86,"column":14},"end":{"line":88,"column":15}},{"start":{"line":86,"column":14},"end":{"line":88,"column":15}}]},"9":{"loc":{"start":{"line":86,"column":18},"end":{"line":86,"column":24}},"type":"binary-expr","locations":[{"start":{"line":86,"column":18},"end":{"line":86,"column":24}},{"start":{"line":86,"column":28},"end":{"line":86,"column":14}}]},"10":{"loc":{"start":{"line":96,"column":14},"end":{"line":98,"column":15}},"type":"if","locations":[{"start":{"line":96,"column":14},"end":{"line":98,"column":15}},{"start":{"line":96,"column":14},"end":{"line":98,"column":15}}]},"11":{"loc":{"start":{"line":96,"column":18},"end":{"line":96,"column":24}},"type":"binary-expr","locations":[{"start":{"line":96,"column":18},"end":{"line":96,"column":24}},{"start":{"line":96,"column":28},"end":{"line":96,"column":14}}]},"12":{"loc":{"start":{"line":115,"column":6},"end":{"line":128,"column":7}},"type":"if","locations":[{"start":{"line":115,"column":6},"end":{"line":128,"column":7}},{"start":{"line":115,"column":6},"end":{"line":128,"column":7}}]},"13":{"loc":{"start":{"line":116,"column":8},"end":{"line":116,"column":7}},"type":"binary-expr","locations":[{"start":{"line":116,"column":8},"end":{"line":116,"column":7}},{"start":{"line":117,"column":9},"end":{"line":117,"column":8}},{"start":{"line":117,"column":32},"end":{"line":115,"column":6}}]},"14":{"loc":{"start":{"line":138,"column":2},"end":{"line":142,"column":3}},"type":"if","locations":[{"start":{"line":138,"column":2},"end":{"line":142,"column":3}},{"start":{"line":138,"column":2},"end":{"line":142,"column":3}}]}},"s":{"0":0,"1":0,"2":0,"3":0,"4":0,"5":0,"6":0,"7":0,"8":0,"9":0,"10":0,"11":0,"12":0,"13":0,"14":0,"15":0,"16":0,"17":0,"18":0,"19":0,"20":0,"21":0,"22":0,"23":0,"24":0,"25":0,"26":0,"27":0,"28":0,"29":0,"30":0,"31":0,"32":0,"33":0,"34":0,"35":0,"36":0,"37":0},"f":{"0":0,"1":0,"2":0,"3":0,"4":0,"5":0,"6":0,"7":0,"8":0,"9":0,"10":0,"11":0,"12":0,"13":0,"14":0},"b":{"0":[0,0,0],"1":[0,0],"2":[0,0],"3":[0,0],"4":[0,0],"5":[0,0],"6":[0,0],"7":[0,0],"8":[0,0],"9":[0,0],"10":[0,0],"11":[0,0],"12":[0,0],"13":[0,0,0],"14":[0,0]}}
,"/Users/herat/Documents/GitHub/sellics/frontend/src/actions/reviews.action.ts": {"path":"/Users/herat/Documents/GitHub/sellics/frontend/src/actions/reviews.action.ts","statementMap":{"0":{"start":{"line":5,"column":26},"end":{"line":9,"column":1}},"1":{"start":{"line":6,"column":2},"end":{"line":8,"column":4}},"2":{"start":{"line":11,"column":25},"end":{"line":16,"column":1}},"3":{"start":{"line":12,"column":2},"end":{"line":15,"column":4}},"4":{"start":{"line":18,"column":28},"end":{"line":23,"column":1}},"5":{"start":{"line":19,"column":2},"end":{"line":22,"column":4}},"6":{"start":{"line":25,"column":28},"end":{"line":30,"column":1}},"7":{"start":{"line":26,"column":26},"end":{"line":26,"column":62}},"8":{"start":{"line":27,"column":2},"end":{"line":29,"column":38}},"9":{"start":{"line":28,"column":17},"end":{"line":28,"column":34}},"10":{"start":{"line":29,"column":20},"end":{"line":29,"column":36}}},"fnMap":{"0":{"name":"(anonymous_0)","decl":{"start":{"line":5,"column":26},"end":{"line":5,"column":27}},"loc":{"start":{"line":5,"column":32},"end":{"line":9,"column":1}},"line":5},"1":{"name":"(anonymous_1)","decl":{"start":{"line":11,"column":25},"end":{"line":11,"column":26}},"loc":{"start":{"line":11,"column":41},"end":{"line":16,"column":1}},"line":11},"2":{"name":"(anonymous_2)","decl":{"start":{"line":18,"column":28},"end":{"line":18,"column":29}},"loc":{"start":{"line":18,"column":50},"end":{"line":23,"column":1}},"line":18},"3":{"name":"(anonymous_3)","decl":{"start":{"line":25,"column":28},"end":{"line":25,"column":29}},"loc":{"start":{"line":25,"column":64},"end":{"line":30,"column":1}},"line":25},"4":{"name":"(anonymous_4)","decl":{"start":{"line":28,"column":10},"end":{"line":28,"column":11}},"loc":{"start":{"line":28,"column":17},"end":{"line":28,"column":34}},"line":28},"5":{"name":"(anonymous_5)","decl":{"start":{"line":29,"column":11},"end":{"line":29,"column":12}},"loc":{"start":{"line":29,"column":20},"end":{"line":29,"column":36}},"line":29}},"branchMap":{},"s":{"0":2,"1":1,"2":2,"3":2,"4":2,"5":1,"6":2,"7":3,"8":3,"9":1,"10":1},"f":{"0":1,"1":2,"2":1,"3":3,"4":1,"5":1},"b":{},"_coverageSchema":"332fd63041d2c1bcb487cc26dd0d5f7d97098a6c","hash":"455a2b6c54b99e55956b4a347e3f73f2bd376f86"}
,"/Users/herat/Documents/GitHub/sellics/frontend/src/components/DropDwonFilter.tsx": {"path":"/Users/herat/Documents/GitHub/sellics/frontend/src/components/DropDwonFilter.tsx","statementMap":{"0":{"start":{"line":12,"column":21},"end":{"line":12,"column":31}},"1":{"start":{"line":13,"column":4},"end":{"line":15,"column":6}},"2":{"start":{"line":14,"column":6},"end":{"line":14,"column":41}},"3":{"start":{"line":19,"column":4},"end":{"line":19,"column":29}},"4":{"start":{"line":20,"column":4},"end":{"line":20,"column":23}},"5":{"start":{"line":24,"column":4},"end":{"line":28,"column":5}},"6":{"start":{"line":25,"column":59},"end":{"line":25,"column":79}}},"fnMap":{"0":{"name":"(anonymous_0)","decl":{"start":{"line":11,"column":2},"end":{"line":11,"column":3}},"loc":{"start":{"line":11,"column":19},"end":{"line":16,"column":3}},"line":11},"1":{"name":"(anonymous_1)","decl":{"start":{"line":13,"column":28},"end":{"line":13,"column":29}},"loc":{"start":{"line":13,"column":33},"end":{"line":15,"column":5}},"line":13},"2":{"name":"(anonymous_2)","decl":{"start":{"line":18,"column":17},"end":{"line":18,"column":18}},"loc":{"start":{"line":18,"column":29},"end":{"line":21,"column":3}},"line":18},"3":{"name":"(anonymous_3)","decl":{"start":{"line":23,"column":2},"end":{"line":23,"column":3}},"loc":{"start":{"line":23,"column":11},"end":{"line":29,"column":3}},"line":23},"4":{"name":"(anonymous_4)","decl":{"start":{"line":25,"column":52},"end":{"line":25,"column":53}},"loc":{"start":{"line":25,"column":59},"end":{"line":25,"column":79}},"line":25}},"branchMap":{"0":{"loc":{"start":{"line":13,"column":12},"end":{"line":13,"column":22}},"type":"binary-expr","locations":[{"start":{"line":13,"column":12},"end":{"line":13,"column":16}},{"start":{"line":13,"column":20},"end":{"line":13,"column":22}}],"line":13}},"s":{"0":2,"1":2,"2":8,"3":1,"4":1,"5":2,"6":1},"f":{"0":2,"1":8,"2":1,"3":2,"4":1},"b":{"0":[2,0]},"_coverageSchema":"332fd63041d2c1bcb487cc26dd0d5f7d97098a6c","hash":"eab298a040312942f8276effee32372f87550511"}
,"/Users/herat/Documents/GitHub/sellics/frontend/src/components/ErrorBoundary.tsx": {"path":"/Users/herat/Documents/GitHub/sellics/frontend/src/components/ErrorBoundary.tsx","statementMap":{"0":{"start":{"line":10,"column":4},"end":{"line":10,"column":25}},"1":{"start":{"line":11,"column":4},"end":{"line":11,"column":23}},"2":{"start":{"line":12,"column":4},"end":{"line":14,"column":7}},"3":{"start":{"line":18,"column":4},"end":{"line":22,"column":5}},"4":{"start":{"line":19,"column":6},"end":{"line":21,"column":7}},"5":{"start":{"line":23,"column":4},"end":{"line":23,"column":31}}},"fnMap":{"0":{"name":"(anonymous_0)","decl":{"start":{"line":9,"column":2},"end":{"line":9,"column":3}},"loc":{"start":{"line":9,"column":43},"end":{"line":15,"column":3}},"line":9},"1":{"name":"(anonymous_1)","decl":{"start":{"line":17,"column":2},"end":{"line":17,"column":3}},"loc":{"start":{"line":17,"column":11},"end":{"line":24,"column":3}},"line":17}},"branchMap":{"0":{"loc":{"start":{"line":18,"column":4},"end":{"line":22,"column":5}},"type":"if","locations":[{"start":{"line":18,"column":4},"end":{"line":22,"column":5}},{"start":{"line":18,"column":4},"end":{"line":22,"column":5}}],"line":18}},"s":{"0":1,"1":1,"2":1,"3":2,"4":1,"5":1},"f":{"0":1,"1":2},"b":{"0":[1,1]},"_coverageSchema":"332fd63041d2c1bcb487cc26dd0d5f7d97098a6c","hash":"d7e40216767e19c81390469424c7791b1c3a4386"}
,"/Users/herat/Documents/GitHub/sellics/frontend/src/components/Layout.tsx": {"path":"/Users/herat/Documents/GitHub/sellics/frontend/src/components/Layout.tsx","statementMap":{"0":{"start":{"line":8,"column":4},"end":{"line":14,"column":5}}},"fnMap":{"0":{"name":"(anonymous_0)","decl":{"start":{"line":7,"column":2},"end":{"line":7,"column":3}},"loc":{"start":{"line":7,"column":11},"end":{"line":15,"column":3}},"line":7}},"branchMap":{},"s":{"0":1},"f":{"0":1},"b":{},"_coverageSchema":"332fd63041d2c1bcb487cc26dd0d5f7d97098a6c","hash":"549c9d2ce9cf1b6dc3e9b63ea176261f9c419d2e"}
,"/Users/herat/Documents/GitHub/sellics/frontend/src/components/ReviewContainer.tsx": {"path":"/Users/herat/Documents/GitHub/sellics/frontend/src/components/ReviewContainer.tsx","statementMap":{"0":{"start":{"line":20,"column":26},"end":{"line":20,"column":36}},"1":{"start":{"line":21,"column":4},"end":{"line":21,"column":39}},"2":{"start":{"line":22,"column":4},"end":{"line":22,"column":60}},"3":{"start":{"line":26,"column":4},"end":{"line":26,"column":63}},"4":{"start":{"line":30,"column":44},"end":{"line":30,"column":54}},"5":{"start":{"line":31,"column":4},"end":{"line":33,"column":5}},"6":{"start":{"line":32,"column":6},"end":{"line":32,"column":41}},"7":{"start":{"line":37,"column":24},"end":{"line":37,"column":34}},"8":{"start":{"line":38,"column":4},"end":{"line":40,"column":7}},"9":{"start":{"line":39,"column":6},"end":{"line":39,"column":65}},"10":{"start":{"line":44,"column":4},"end":{"line":51,"column":5}},"11":{"start":{"line":56,"column":24},"end":{"line":64,"column":1}},"12":{"start":{"line":57,"column":2},"end":{"line":63,"column":4}},"13":{"start":{"line":68,"column":27},"end":{"line":75,"column":1}},"14":{"start":{"line":69,"column":2},"end":{"line":74,"column":4}},"15":{"start":{"line":71,"column":6},"end":{"line":71,"column":29}},"16":{"start":{"line":72,"column":6},"end":{"line":72,"column":63}},"17":{"start":{"line":72,"column":45},"end":{"line":72,"column":61}}},"fnMap":{"0":{"name":"(anonymous_0)","decl":{"start":{"line":19,"column":2},"end":{"line":19,"column":3}},"loc":{"start":{"line":19,"column":22},"end":{"line":23,"column":3}},"line":19},"1":{"name":"(anonymous_1)","decl":{"start":{"line":25,"column":2},"end":{"line":25,"column":3}},"loc":{"start":{"line":25,"column":25},"end":{"line":27,"column":3}},"line":25},"2":{"name":"(anonymous_2)","decl":{"start":{"line":29,"column":13},"end":{"line":29,"column":14}},"loc":{"start":{"line":29,"column":19},"end":{"line":34,"column":3}},"line":29},"3":{"name":"(anonymous_3)","decl":{"start":{"line":36,"column":2},"end":{"line":36,"column":3}},"loc":{"start":{"line":36,"column":20},"end":{"line":41,"column":3}},"line":36},"4":{"name":"(anonymous_4)","decl":{"start":{"line":38,"column":31},"end":{"line":38,"column":32}},"loc":{"start":{"line":38,"column":52},"end":{"line":40,"column":5}},"line":38},"5":{"name":"(anonymous_5)","decl":{"start":{"line":43,"column":2},"end":{"line":43,"column":3}},"loc":{"start":{"line":43,"column":11},"end":{"line":52,"column":3}},"line":43},"6":{"name":"(anonymous_6)","decl":{"start":{"line":56,"column":24},"end":{"line":56,"column":25}},"loc":{"start":{"line":56,"column":106},"end":{"line":64,"column":1}},"line":56},"7":{"name":"(anonymous_7)","decl":{"start":{"line":68,"column":27},"end":{"line":68,"column":28}},"loc":{"start":{"line":68,"column":78},"end":{"line":75,"column":1}},"line":68},"8":{"name":"(anonymous_8)","decl":{"start":{"line":70,"column":18},"end":{"line":70,"column":19}},"loc":{"start":{"line":70,"column":41},"end":{"line":73,"column":5}},"line":70},"9":{"name":"(anonymous_9)","decl":{"start":{"line":72,"column":35},"end":{"line":72,"column":36}},"loc":{"start":{"line":72,"column":45},"end":{"line":72,"column":61}},"line":72}},"branchMap":{"0":{"loc":{"start":{"line":31,"column":4},"end":{"line":33,"column":5}},"type":"if","locations":[{"start":{"line":31,"column":4},"end":{"line":33,"column":5}},{"start":{"line":31,"column":4},"end":{"line":33,"column":5}}],"line":31},"1":{"loc":{"start":{"line":31,"column":8},"end":{"line":31,"column":106}},"type":"binary-expr","locations":[{"start":{"line":31,"column":8},"end":{"line":31,"column":83}},{"start":{"line":31,"column":87},"end":{"line":31,"column":94}},{"start":{"line":31,"column":98},"end":{"line":31,"column":106}}],"line":31},"2":{"loc":{"start":{"line":38,"column":12},"end":{"line":38,"column":25}},"type":"binary-expr","locations":[{"start":{"line":38,"column":12},"end":{"line":38,"column":19}},{"start":{"line":38,"column":23},"end":{"line":38,"column":25}}],"line":38}},"s":{"0":0,"1":0,"2":0,"3":0,"4":0,"5":0,"6":0,"7":0,"8":0,"9":0,"10":0,"11":1,"12":0,"13":1,"14":0,"15":0,"16":0,"17":0},"f":{"0":0,"1":0,"2":0,"3":0,"4":0,"5":0,"6":0,"7":0,"8":0,"9":0},"b":{"0":[0,0],"1":[0,0,0],"2":[0,0]},"_coverageSchema":"332fd63041d2c1bcb487cc26dd0d5f7d97098a6c","hash":"721094ecbc7f1f8b41e712105dd4eae18ad30e21"}
,"/Users/herat/Documents/GitHub/sellics/frontend/src/components/ReviewFilter.tsx": {"path":"/Users/herat/Documents/GitHub/sellics/frontend/src/components/ReviewFilter.tsx","statementMap":{"0":{"start":{"line":7,"column":4},"end":{"line":7,"column":24}},"1":{"start":{"line":11,"column":4},"end":{"line":24,"column":5}}},"fnMap":{"0":{"name":"(anonymous_0)","decl":{"start":{"line":6,"column":19},"end":{"line":6,"column":20}},"loc":{"start":{"line":6,"column":31},"end":{"line":8,"column":3}},"line":6},"1":{"name":"(anonymous_1)","decl":{"start":{"line":10,"column":2},"end":{"line":10,"column":3}},"loc":{"start":{"line":10,"column":11},"end":{"line":25,"column":3}},"line":10}},"branchMap":{},"s":{"0":0,"1":0},"f":{"0":0,"1":0},"b":{},"_coverageSchema":"332fd63041d2c1bcb487cc26dd0d5f7d97098a6c","hash":"ec242c77f07ea0921478121360e54bd58cc914fc"}
,"/Users/herat/Documents/GitHub/sellics/frontend/src/components/ReviewRow.tsx": {"path":"/Users/herat/Documents/GitHub/sellics/frontend/src/components/ReviewRow.tsx","statementMap":{"0":{"start":{"line":11,"column":23},"end":{"line":11,"column":33}},"1":{"start":{"line":12,"column":100},"end":{"line":12,"column":106}},"2":{"start":{"line":13,"column":4},"end":{"line":20,"column":5}},"3":{"start":{"line":24,"column":4},"end":{"line":28,"column":5}}},"fnMap":{"0":{"name":"(anonymous_0)","decl":{"start":{"line":10,"column":2},"end":{"line":10,"column":3}},"loc":{"start":{"line":10,"column":17},"end":{"line":21,"column":3}},"line":10},"1":{"name":"(anonymous_1)","decl":{"start":{"line":23,"column":2},"end":{"line":23,"column":3}},"loc":{"start":{"line":23,"column":11},"end":{"line":29,"column":3}},"line":23}},"branchMap":{},"s":{"0":0,"1":0,"2":0,"3":0},"f":{"0":0,"1":0},"b":{},"_coverageSchema":"332fd63041d2c1bcb487cc26dd0d5f7d97098a6c","hash":"3b808c1ffb1d1e03d87925910ca804ab8feaf358"}
,"/Users/herat/Documents/GitHub/sellics/frontend/src/containers/Footer.tsx": {"path":"/Users/herat/Documents/GitHub/sellics/frontend/src/containers/Footer.tsx","statementMap":{"0":{"start":{"line":3,"column":2},"end":{"line":7,"column":3}}},"fnMap":{"0":{"name":"(anonymous_0)","decl":{"start":{"line":2,"column":15},"end":{"line":2,"column":16}},"loc":{"start":{"line":2,"column":27},"end":{"line":8,"column":1}},"line":2}},"branchMap":{},"s":{"0":1},"f":{"0":1},"b":{},"_coverageSchema":"332fd63041d2c1bcb487cc26dd0d5f7d97098a6c","hash":"631a2905321b84c5868ac882895f19652c44220a"}
,"/Users/herat/Documents/GitHub/sellics/frontend/src/containers/Header.tsx": {"path":"/Users/herat/Documents/GitHub/sellics/frontend/src/containers/Header.tsx","statementMap":{"0":{"start":{"line":4,"column":2},"end":{"line":8,"column":3}}},"fnMap":{"0":{"name":"(anonymous_0)","decl":{"start":{"line":3,"column":15},"end":{"line":3,"column":16}},"loc":{"start":{"line":3,"column":27},"end":{"line":9,"column":1}},"line":3}},"branchMap":{},"s":{"0":1},"f":{"0":1},"b":{},"_coverageSchema":"332fd63041d2c1bcb487cc26dd0d5f7d97098a6c","hash":"c7404aa5b5178d052aa9aa5f656262cc94e2c1ca"}
,"/Users/herat/Documents/GitHub/sellics/frontend/src/reducers/index.ts": {"path":"/Users/herat/Documents/GitHub/sellics/frontend/src/reducers/index.ts","statementMap":{"0":{"start":{"line":1,"column":0},"end":{"line":null,"column":-1}},"1":{"start":{"line":2,"column":0},"end":{"line":null,"column":-1}},"2":{"start":{"line":4,"column":26},"end":{"line":4,"column":7}}},"fnMap":{},"branchMap":{},"s":{"0":0,"1":0,"2":0},"f":{},"b":{}}
,"/Users/herat/Documents/GitHub/sellics/frontend/src/reducers/review.reducer.ts": {"path":"/Users/herat/Documents/GitHub/sellics/frontend/src/reducers/review.reducer.ts","statementMap":{"0":{"start":{"line":32,"column":44},"end":{"line":38,"column":1}},"1":{"start":{"line":41,"column":2},"end":{"line":56,"column":3}},"2":{"start":{"line":43,"column":6},"end":{"line":43,"column":57}},"3":{"start":{"line":45,"column":6},"end":{"line":51,"column":9}},"4":{"start":{"line":53,"column":6},"end":{"line":53,"column":55}},"5":{"start":{"line":55,"column":6},"end":{"line":55,"column":19}}},"fnMap":{"0":{"name":"(anonymous_0)","decl":{"start":{"line":40,"column":15},"end":{"line":40,"column":16}},"loc":{"start":{"line":40,"column":96},"end":{"line":57,"column":1}},"line":40}},"branchMap":{"0":{"loc":{"start":{"line":40,"column":25},"end":{"line":40,"column":61}},"type":"default-arg","locations":[{"start":{"line":40,"column":49},"end":{"line":40,"column":61}}],"line":40},"1":{"loc":{"start":{"line":41,"column":2},"end":{"line":56,"column":3}},"type":"switch","locations":[{"start":{"line":42,"column":4},"end":{"line":43,"column":57}},{"start":{"line":44,"column":4},"end":{"line":51,"column":9}},{"start":{"line":52,"column":4},"end":{"line":53,"column":55}},{"start":{"line":54,"column":4},"end":{"line":55,"column":19}}],"line":41},"2":{"loc":{"start":{"line":46,"column":40},"end":{"line":46,"column":68}},"type":"binary-expr","locations":[{"start":{"line":46,"column":40},"end":{"line":46,"column":62}},{"start":{"line":46,"column":66},"end":{"line":46,"column":68}}],"line":46},"3":{"loc":{"start":{"line":50,"column":19},"end":{"line":50,"column":81}},"type":"cond-expr","locations":[{"start":{"line":50,"column":44},"end":{"line":50,"column":63}},{"start":{"line":50,"column":66},"end":{"line":50,"column":81}}],"line":50}},"s":{"0":1,"1":4,"2":1,"3":1,"4":1,"5":1},"f":{"0":4},"b":{"0":[0],"1":[1,1,1,1],"2":[1,1],"3":[0,1]},"_coverageSchema":"332fd63041d2c1bcb487cc26dd0d5f7d97098a6c","hash":"136309e21841f045988d36767e50baf404114606"}
,"/Users/herat/Documents/GitHub/sellics/frontend/src/reducers/mocks/reviews.mock.ts": {"path":"/Users/herat/Documents/GitHub/sellics/frontend/src/reducers/mocks/reviews.mock.ts","statementMap":{"0":{"start":{"line":1,"column":27},"end":{"line":32,"column":1}}},"fnMap":{},"branchMap":{},"s":{"0":2},"f":{},"b":{},"_coverageSchema":"332fd63041d2c1bcb487cc26dd0d5f7d97098a6c","hash":"344487abdb89b2ed319cb2adab95cf5276657ee1"}
,"/Users/herat/Documents/GitHub/sellics/frontend/src/utils/constants.ts": {"path":"/Users/herat/Documents/GitHub/sellics/frontend/src/utils/constants.ts","statementMap":{"0":{"start":{"line":1,"column":35},"end":{"line":1,"column":56}},"1":{"start":{"line":2,"column":37},"end":{"line":2,"column":60}},"2":{"start":{"line":3,"column":34},"end":{"line":3,"column":54}}},"fnMap":{},"branchMap":{},"s":{"0":3,"1":3,"2":3},"f":{},"b":{},"_coverageSchema":"332fd63041d2c1bcb487cc26dd0d5f7d97098a6c","hash":"db82f49888e107447fe992e6d694104453db9fe5"}
,"/Users/herat/Documents/GitHub/sellics/frontend/src/utils/fetchWrapper.ts": {"path":"/Users/herat/Documents/GitHub/sellics/frontend/src/utils/fetchWrapper.ts","statementMap":{"0":{"start":{"line":1,"column":28},"end":{"line":22,"column":1}},"1":{"start":{"line":2,"column":27},"end":{"line":13,"column":3}},"2":{"start":{"line":14,"column":2},"end":{"line":21,"column":43}},"3":{"start":{"line":16,"column":6},"end":{"line":18,"column":7}},"4":{"start":{"line":17,"column":8},"end":{"line":17,"column":29}},"5":{"start":{"line":19,"column":6},"end":{"line":19,"column":43}},"6":{"start":{"line":21,"column":20},"end":{"line":21,"column":41}}},"fnMap":{"0":{"name":"(anonymous_0)","decl":{"start":{"line":1,"column":28},"end":{"line":1,"column":29}},"loc":{"start":{"line":1,"column":73},"end":{"line":22,"column":1}},"line":1},"1":{"name":"(anonymous_1)","decl":{"start":{"line":15,"column":10},"end":{"line":15,"column":11}},"loc":{"start":{"line":15,"column":20},"end":{"line":20,"column":5}},"line":15},"2":{"name":"(anonymous_2)","decl":{"start":{"line":21,"column":11},"end":{"line":21,"column":12}},"loc":{"start":{"line":21,"column":20},"end":{"line":21,"column":41}},"line":21}},"branchMap":{"0":{"loc":{"start":{"line":1,"column":42},"end":{"line":1,"column":56}},"type":"default-arg","locations":[{"start":{"line":1,"column":51},"end":{"line":1,"column":56}}],"line":1},"1":{"loc":{"start":{"line":16,"column":6},"end":{"line":18,"column":7}},"type":"if","locations":[{"start":{"line":16,"column":6},"end":{"line":18,"column":7}},{"start":{"line":16,"column":6},"end":{"line":18,"column":7}}],"line":16}},"s":{"0":2,"1":1,"2":1,"3":0,"4":0,"5":0,"6":0},"f":{"0":1,"1":0,"2":0},"b":{"0":[1],"1":[0,0]},"_coverageSchema":"332fd63041d2c1bcb487cc26dd0d5f7d97098a6c","hash":"5b075ce97b2026d80c94f5365739a3ae23573fbe"}
}
