TN:
SF:/Users/herat/Documents/GitHub/sellics/frontend/src/App.tsx
FN:9,(anonymous_0)
FNF:1
FNH:1
FNDA:1,(anonymous_0)
DA:10,1
LF:1
LH:1
BRF:0
BRH:0
end_of_record
TN:
SF:/Users/herat/Documents/GitHub/sellics/frontend/src/index.tsx
FNF:0
FNH:0
DA:1,0
DA:2,0
DA:3,0
DA:4,0
DA:5,0
DA:6,0
DA:7,0
DA:8,0
DA:9,0
DA:10,0
DA:11,0
DA:14,0
DA:25,0
LF:13
LH:0
BRF:0
BRH:0
end_of_record
TN:
SF:/Users/herat/Documents/GitHub/sellics/frontend/src/serviceWorker.ts
FN:28,register
FN:42,(anonymous_1)
FN:51,(anonymous_2)
FN:65,registerValidSW
FN:68,(anonymous_4)
FN:69,(anonymous_5)
FN:74,(anonymous_6)
FN:104,(anonymous_7)
FN:109,checkValidServiceWorker
FN:112,(anonymous_9)
FN:120,(anonymous_10)
FN:121,(anonymous_11)
FN:130,(anonymous_12)
FN:137,unregister
FN:139,(anonymous_14)
FNF:15
FNH:0
FNDA:0,register
FNDA:0,(anonymous_1)
FNDA:0,(anonymous_2)
FNDA:0,registerValidSW
FNDA:0,(anonymous_4)
FNDA:0,(anonymous_5)
FNDA:0,(anonymous_6)
FNDA:0,(anonymous_7)
FNDA:0,checkValidServiceWorker
FNDA:0,(anonymous_9)
FNDA:0,(anonymous_10)
FNDA:0,(anonymous_11)
FNDA:0,(anonymous_12)
FNDA:0,unregister
FNDA:0,(anonymous_14)
DA:13,0
DA:29,0
DA:31,0
DA:35,0
DA:39,0
DA:42,0
DA:43,0
DA:45,0
DA:47,0
DA:51,0
DA:52,0
DA:59,0
DA:66,0
DA:69,0
DA:70,0
DA:71,0
DA:72,0
DA:74,0
DA:75,0
DA:76,0
DA:80,0
DA:86,0
DA:87,0
DA:93,0
DA:96,0
DA:97,0
DA:105,0
DA:111,0
DA:114,0
DA:115,0
DA:120,0
DA:121,0
DA:122,0
DA:127,0
DA:131,0
DA:138,0
DA:139,0
DA:140,0
LF:38
LH:0
BRDA:14,0,0,0
BRDA:14,0,1,0
BRDA:14,0,2,0
BRDA:29,1,0,0
BRDA:29,1,1,0
BRDA:29,2,0,0
BRDA:29,2,1,0
BRDA:35,3,0,0
BRDA:35,3,1,0
BRDA:45,4,0,0
BRDA:45,4,1,0
BRDA:71,5,0,0
BRDA:71,5,1,0
BRDA:75,6,0,0
BRDA:75,6,1,0
BRDA:76,7,0,0
BRDA:76,7,1,0
BRDA:86,8,0,0
BRDA:86,8,1,0
BRDA:86,9,0,0
BRDA:86,9,1,0
BRDA:96,10,0,0
BRDA:96,10,1,0
BRDA:96,11,0,0
BRDA:96,11,1,0
BRDA:115,12,0,0
BRDA:115,12,1,0
BRDA:116,13,0,0
BRDA:116,13,1,0
BRDA:116,13,2,0
BRDA:138,14,0,0
BRDA:138,14,1,0
BRF:32
BRH:0
end_of_record
TN:
SF:/Users/herat/Documents/GitHub/sellics/frontend/src/actions/filter.actions.ts
FN:3,(anonymous_0)
FNF:1
FNH:1
FNDA:1,(anonymous_0)
DA:3,3
DA:4,1
LF:2
LH:2
BRF:0
BRH:0
end_of_record
TN:
SF:/Users/herat/Documents/GitHub/sellics/frontend/src/actions/reviews.action.ts
FN:5,(anonymous_0)
FN:11,(anonymous_1)
FN:18,(anonymous_2)
FN:25,(anonymous_3)
FN:28,(anonymous_4)
FN:29,(anonymous_5)
FNF:6
FNH:6
FNDA:5,(anonymous_0)
FNDA:2,(anonymous_1)
FNDA:1,(anonymous_2)
FNDA:7,(anonymous_3)
FNDA:1,(anonymous_4)
FNDA:1,(anonymous_5)
DA:5,3
DA:6,5
DA:11,3
DA:12,2
DA:18,3
DA:19,1
DA:25,3
DA:26,7
DA:27,7
DA:28,1
DA:29,1
LF:11
LH:11
BRF:0
BRH:0
end_of_record
TN:
SF:/Users/herat/Documents/GitHub/sellics/frontend/src/components/DropDwonFilter.tsx
FN:12,(anonymous_0)
FN:14,(anonymous_1)
FN:17,(anonymous_2)
FN:21,(anonymous_3)
FN:27,(anonymous_4)
FN:32,(anonymous_5)
FNF:6
FNH:6
FNDA:6,(anonymous_0)
FNDA:18,(anonymous_1)
FNDA:18,(anonymous_2)
FNDA:1,(anonymous_3)
FNDA:6,(anonymous_4)
FNDA:1,(anonymous_5)
DA:13,6
DA:14,18
DA:18,18
DA:22,1
DA:23,1
DA:24,1
DA:28,6
DA:29,6
DA:32,1
LF:9
LH:9
BRDA:14,0,0,6
BRDA:14,0,1,0
BRF:2
BRH:1
end_of_record
TN:
SF:/Users/herat/Documents/GitHub/sellics/frontend/src/components/ErrorBoundary.tsx
FN:10,(anonymous_0)
FN:18,(anonymous_1)
FNF:2
FNH:2
FNDA:1,(anonymous_0)
FNDA:2,(anonymous_1)
DA:11,1
DA:12,1
DA:13,1
DA:19,2
DA:20,1
DA:24,1
LF:6
LH:6
BRDA:19,0,0,1
BRDA:19,0,1,1
BRF:2
BRH:2
end_of_record
TN:
SF:/Users/herat/Documents/GitHub/sellics/frontend/src/components/Layout.tsx
FN:7,(anonymous_0)
FNF:1
FNH:1
FNDA:1,(anonymous_0)
DA:8,1
LF:1
LH:1
BRF:0
BRH:0
end_of_record
TN:
SF:/Users/herat/Documents/GitHub/sellics/frontend/src/components/ReviewContainer.tsx
FN:23,(anonymous_0)
FN:29,(anonymous_1)
FN:33,(anonymous_2)
FN:40,(anonymous_3)
FN:45,(anonymous_4)
FN:47,(anonymous_5)
FN:50,(anonymous_6)
FN:53,(anonymous_7)
FN:56,(anonymous_8)
FN:61,(anonymous_9)
FN:63,(anonymous_10)
FN:65,(anonymous_11)
FN:70,(anonymous_12)
FN:77,(anonymous_13)
FN:84,(anonymous_14)
FN:87,(anonymous_15)
FN:88,(anonymous_16)
FN:93,(anonymous_17)
FN:94,(anonymous_18)
FN:102,(anonymous_19)
FN:107,(anonymous_20)
FN:130,(anonymous_21)
FN:144,(anonymous_22)
FN:146,(anonymous_23)
FN:148,(anonymous_24)
FNF:25
FNH:17
FNDA:4,(anonymous_0)
FNDA:0,(anonymous_1)
FNDA:0,(anonymous_2)
FNDA:2,(anonymous_3)
FNDA:2,(anonymous_4)
FNDA:4,(anonymous_5)
FNDA:0,(anonymous_6)
FNDA:0,(anonymous_7)
FNDA:0,(anonymous_8)
FNDA:2,(anonymous_9)
FNDA:6,(anonymous_10)
FNDA:0,(anonymous_11)
FNDA:0,(anonymous_12)
FNDA:2,(anonymous_13)
FNDA:2,(anonymous_14)
FNDA:2,(anonymous_15)
FNDA:2,(anonymous_16)
FNDA:8,(anonymous_17)
FNDA:2,(anonymous_18)
FNDA:2,(anonymous_19)
FNDA:4,(anonymous_20)
FNDA:4,(anonymous_21)
FNDA:4,(anonymous_22)
FNDA:4,(anonymous_23)
FNDA:0,(anonymous_24)
DA:24,4
DA:25,4
DA:26,4
DA:30,0
DA:34,0
DA:35,0
DA:36,0
DA:41,2
DA:42,2
DA:46,2
DA:47,4
DA:48,2
DA:49,2
DA:50,0
DA:52,2
DA:53,0
DA:55,2
DA:56,0
DA:58,2
DA:62,2
DA:63,6
DA:64,2
DA:65,0
DA:66,0
DA:69,2
DA:70,0
DA:71,0
DA:74,2
DA:78,2
DA:79,2
DA:81,0
DA:85,2
DA:86,2
DA:87,2
DA:88,2
DA:90,2
DA:91,2
DA:93,8
DA:94,2
DA:96,2
DA:97,1
DA:102,1
DA:103,2
DA:108,4
DA:109,4
DA:110,1
DA:114,3
DA:115,1
DA:119,2
DA:130,2
DA:134,4
DA:144,2
DA:145,4
DA:147,4
DA:148,4
LF:55
LH:43
BRDA:35,0,0,0
BRDA:35,0,1,0
BRDA:35,1,0,0
BRDA:35,1,1,0
BRDA:35,1,2,0
BRDA:47,2,0,2
BRDA:47,2,1,0
BRDA:47,3,0,4
BRDA:47,3,1,2
BRDA:49,4,0,0
BRDA:49,4,1,2
BRDA:52,5,0,0
BRDA:52,5,1,2
BRDA:55,6,0,0
BRDA:55,6,1,2
BRDA:63,7,0,2
BRDA:63,7,1,0
BRDA:63,8,0,6
BRDA:63,8,1,2
BRDA:64,9,0,0
BRDA:64,9,1,2
BRDA:66,10,0,0
BRDA:66,10,1,0
BRDA:69,11,0,0
BRDA:69,11,1,2
BRDA:71,12,0,0
BRDA:71,12,1,0
BRDA:78,13,0,2
BRDA:78,13,1,0
BRDA:81,14,0,0
BRDA:81,14,1,0
BRDA:87,15,0,2
BRDA:87,15,1,0
BRDA:87,16,0,2
BRDA:87,16,1,2
BRDA:88,17,0,2
BRDA:88,17,1,0
BRDA:93,18,0,2
BRDA:93,18,1,0
BRDA:93,19,0,8
BRDA:93,19,1,2
BRDA:94,20,0,2
BRDA:94,20,1,0
BRDA:96,21,0,1
BRDA:96,21,1,1
BRDA:96,22,0,2
BRDA:96,22,1,0
BRDA:102,23,0,1
BRDA:102,23,1,0
BRDA:109,24,0,1
BRDA:109,24,1,3
BRDA:114,25,0,1
BRDA:114,25,1,2
BRF:53
BRH:28
end_of_record
TN:
SF:/Users/herat/Documents/GitHub/sellics/frontend/src/components/ReviewFilter.tsx
FN:23,(anonymous_0)
FN:27,(anonymous_1)
FN:32,(anonymous_2)
FN:39,(anonymous_3)
FN:45,(anonymous_4)
FN:58,(anonymous_5)
FN:62,(anonymous_6)
FN:68,(anonymous_7)
FN:76,(anonymous_8)
FN:93,(anonymous_9)
FN:95,(anonymous_10)
FN:95,(anonymous_11)
FN:114,(anonymous_12)
FN:131,(anonymous_13)
FN:137,(anonymous_14)
FN:139,(anonymous_15)
FNF:16
FNH:9
FNDA:0,(anonymous_0)
FNDA:0,(anonymous_1)
FNDA:2,(anonymous_2)
FNDA:0,(anonymous_3)
FNDA:4,(anonymous_4)
FNDA:0,(anonymous_5)
FNDA:0,(anonymous_6)
FNDA:0,(anonymous_7)
FNDA:2,(anonymous_8)
FNDA:2,(anonymous_9)
FNDA:8,(anonymous_10)
FNDA:8,(anonymous_11)
FNDA:2,(anonymous_12)
FNDA:2,(anonymous_13)
FNDA:2,(anonymous_14)
FNDA:0,(anonymous_15)
DA:24,0
DA:28,0
DA:29,0
DA:33,2
DA:39,0
DA:46,4
DA:59,0
DA:63,0
DA:69,0
DA:77,2
DA:78,2
DA:79,2
DA:94,2
DA:95,8
DA:96,8
DA:97,4
DA:101,4
DA:102,2
DA:106,2
DA:107,2
DA:115,2
DA:131,2
DA:132,2
DA:137,2
DA:138,2
DA:139,0
LF:26
LH:18
BRDA:84,0,0,2
BRDA:84,0,1,2
BRDA:96,1,0,4
BRDA:96,1,1,4
BRDA:101,2,0,2
BRDA:101,2,1,2
BRDA:106,3,0,2
BRDA:106,3,1,0
BRF:8
BRH:7
end_of_record
TN:
SF:/Users/herat/Documents/GitHub/sellics/frontend/src/components/ReviewRow.tsx
FN:12,(anonymous_0)
FN:71,(anonymous_1)
FNF:2
FNH:2
FNDA:4,(anonymous_0)
FNDA:4,(anonymous_1)
DA:13,4
DA:15,4
DA:16,4
DA:72,4
LF:4
LH:4
BRF:0
BRH:0
end_of_record
TN:
SF:/Users/herat/Documents/GitHub/sellics/frontend/src/containers/ErrorPage.tsx
FN:4,(anonymous_0)
FNF:1
FNH:1
FNDA:2,(anonymous_0)
DA:5,2
LF:1
LH:1
BRF:0
BRH:0
end_of_record
TN:
SF:/Users/herat/Documents/GitHub/sellics/frontend/src/containers/Footer.tsx
FN:2,(anonymous_0)
FNF:1
FNH:1
FNDA:1,(anonymous_0)
DA:3,1
LF:1
LH:1
BRF:0
BRH:0
end_of_record
TN:
SF:/Users/herat/Documents/GitHub/sellics/frontend/src/containers/Header.tsx
FN:3,(anonymous_0)
FNF:1
FNH:1
FNDA:1,(anonymous_0)
DA:4,1
LF:1
LH:1
BRF:0
BRH:0
end_of_record
TN:
SF:/Users/herat/Documents/GitHub/sellics/frontend/src/reducers/filter.reducer.ts
FN:13,(anonymous_0)
FN:18,(anonymous_1)
FN:30,getInitialConfig
FNF:3
FNH:3
FNDA:3,(anonymous_0)
FNDA:8,(anonymous_1)
FNDA:6,getInitialConfig
DA:9,2
DA:14,3
DA:16,2
DA:17,2
DA:18,2
DA:19,8
DA:20,1
DA:22,7
DA:24,2
DA:26,1
DA:31,6
LF:11
LH:11
BRDA:13,0,0,0
BRDA:14,1,0,2
BRDA:14,1,1,1
BRDA:19,2,0,1
BRDA:19,2,1,7
BRF:5
BRH:4
end_of_record
TN:
SF:/Users/herat/Documents/GitHub/sellics/frontend/src/reducers/index.ts
FNF:0
FNH:0
DA:1,0
DA:2,0
DA:3,0
DA:5,0
LF:4
LH:0
BRF:0
BRH:0
end_of_record
TN:
SF:/Users/herat/Documents/GitHub/sellics/frontend/src/reducers/review.reducer.ts
FN:40,(anonymous_0)
FNF:1
FNH:1
FNDA:6,(anonymous_0)
DA:32,1
DA:41,6
DA:43,1
DA:45,3
DA:53,1
DA:55,1
LF:6
LH:6
BRDA:40,0,0,0
BRDA:41,1,0,1
BRDA:41,1,1,3
BRDA:41,1,2,1
BRDA:41,1,3,1
BRDA:46,2,0,3
BRDA:46,2,1,0
BRDA:50,3,0,0
BRDA:50,3,1,3
BRF:9
BRH:6
end_of_record
TN:
SF:/Users/herat/Documents/GitHub/sellics/frontend/src/reducers/mocks/reviews.mock.ts
FNF:0
FNH:0
DA:1,4
LF:1
LH:1
BRF:0
BRH:0
end_of_record
TN:
SF:/Users/herat/Documents/GitHub/sellics/frontend/src/utils/constants.ts
FNF:0
FNH:0
DA:1,6
DA:2,6
DA:3,6
DA:4,6
LF:4
LH:4
BRF:0
BRH:0
end_of_record
TN:
SF:/Users/herat/Documents/GitHub/sellics/frontend/src/utils/fetchWrapper.ts
FN:1,(anonymous_0)
FN:15,(anonymous_1)
FN:21,(anonymous_2)
FNF:3
FNH:1
FNDA:5,(anonymous_0)
FNDA:0,(anonymous_1)
FNDA:0,(anonymous_2)
DA:1,3
DA:2,5
DA:14,5
DA:16,0
DA:17,0
DA:19,0
DA:21,0
LF:7
LH:3
BRDA:1,0,0,5
BRDA:16,1,0,0
BRDA:16,1,1,0
BRF:3
BRH:1
end_of_record
