TN:
SF:/Users/herat/Documents/GitHub/sellics/frontend/src/App.tsx
FN:9,(anonymous_0)
FNF:1
FNH:1
FNDA:1,(anonymous_0)
DA:10,1
LF:1
LH:1
BRF:0
BRH:0
end_of_record
TN:
SF:/Users/herat/Documents/GitHub/sellics/frontend/src/index.tsx
FNF:0
FNH:0
DA:1,0
DA:2,0
DA:3,0
DA:4,0
DA:5,0
DA:6,0
DA:7,0
DA:8,0
DA:9,0
DA:10,0
DA:11,0
DA:14,0
DA:25,0
LF:13
LH:0
BRF:0
BRH:0
end_of_record
TN:
SF:/Users/herat/Documents/GitHub/sellics/frontend/src/serviceWorker.ts
FN:28,register
FN:42,(anonymous_1)
FN:51,(anonymous_2)
FN:65,registerValidSW
FN:68,(anonymous_4)
FN:69,(anonymous_5)
FN:74,(anonymous_6)
FN:104,(anonymous_7)
FN:109,checkValidServiceWorker
FN:112,(anonymous_9)
FN:120,(anonymous_10)
FN:121,(anonymous_11)
FN:130,(anonymous_12)
FN:137,unregister
FN:139,(anonymous_14)
FNF:15
FNH:0
FNDA:0,register
FNDA:0,(anonymous_1)
FNDA:0,(anonymous_2)
FNDA:0,registerValidSW
FNDA:0,(anonymous_4)
FNDA:0,(anonymous_5)
FNDA:0,(anonymous_6)
FNDA:0,(anonymous_7)
FNDA:0,checkValidServiceWorker
FNDA:0,(anonymous_9)
FNDA:0,(anonymous_10)
FNDA:0,(anonymous_11)
FNDA:0,(anonymous_12)
FNDA:0,unregister
FNDA:0,(anonymous_14)
DA:13,0
DA:29,0
DA:31,0
DA:35,0
DA:39,0
DA:42,0
DA:43,0
DA:45,0
DA:47,0
DA:51,0
DA:52,0
DA:59,0
DA:66,0
DA:69,0
DA:70,0
DA:71,0
DA:72,0
DA:74,0
DA:75,0
DA:76,0
DA:80,0
DA:86,0
DA:87,0
DA:93,0
DA:96,0
DA:97,0
DA:105,0
DA:111,0
DA:114,0
DA:115,0
DA:120,0
DA:121,0
DA:122,0
DA:127,0
DA:131,0
DA:138,0
DA:139,0
DA:140,0
LF:38
LH:0
BRDA:14,0,0,0
BRDA:14,0,1,0
BRDA:14,0,2,0
BRDA:29,1,0,0
BRDA:29,1,1,0
BRDA:29,2,0,0
BRDA:29,2,1,0
BRDA:35,3,0,0
BRDA:35,3,1,0
BRDA:45,4,0,0
BRDA:45,4,1,0
BRDA:71,5,0,0
BRDA:71,5,1,0
BRDA:75,6,0,0
BRDA:75,6,1,0
BRDA:76,7,0,0
BRDA:76,7,1,0
BRDA:86,8,0,0
BRDA:86,8,1,0
BRDA:86,9,0,0
BRDA:86,9,1,0
BRDA:96,10,0,0
BRDA:96,10,1,0
BRDA:96,11,0,0
BRDA:96,11,1,0
BRDA:115,12,0,0
BRDA:115,12,1,0
BRDA:116,13,0,0
BRDA:116,13,1,0
BRDA:116,13,2,0
BRDA:138,14,0,0
BRDA:138,14,1,0
BRF:32
BRH:0
end_of_record
TN:
SF:/Users/herat/Documents/GitHub/sellics/frontend/src/actions/filter.actions.ts
FN:3,(anonymous_0)
FN:10,(anonymous_1)
FNF:2
FNH:2
FNDA:1,(anonymous_0)
FNDA:1,(anonymous_1)
DA:3,4
DA:4,1
DA:10,4
DA:11,1
LF:4
LH:4
BRF:0
BRH:0
end_of_record
TN:
SF:/Users/herat/Documents/GitHub/sellics/frontend/src/actions/reviews.action.ts
FN:5,(anonymous_0)
FN:11,(anonymous_1)
FN:18,(anonymous_2)
FN:25,(anonymous_3)
FN:28,(anonymous_4)
FN:29,(anonymous_5)
FNF:6
FNH:6
FNDA:5,(anonymous_0)
FNDA:2,(anonymous_1)
FNDA:1,(anonymous_2)
FNDA:7,(anonymous_3)
FNDA:1,(anonymous_4)
FNDA:1,(anonymous_5)
DA:5,3
DA:6,5
DA:11,3
DA:12,2
DA:18,3
DA:19,1
DA:25,3
DA:26,7
DA:27,7
DA:28,1
DA:29,1
LF:11
LH:11
BRF:0
BRH:0
end_of_record
TN:
SF:/Users/herat/Documents/GitHub/sellics/frontend/src/components/DropDwonFilter.tsx
FN:13,(anonymous_0)
FN:15,(anonymous_1)
FN:18,(anonymous_2)
FN:22,(anonymous_3)
FN:28,(anonymous_4)
FN:33,(anonymous_5)
FNF:6
FNH:6
FNDA:10,(anonymous_0)
FNDA:28,(anonymous_1)
FNDA:28,(anonymous_2)
FNDA:1,(anonymous_3)
FNDA:10,(anonymous_4)
FNDA:1,(anonymous_5)
DA:14,10
DA:15,28
DA:19,28
DA:23,1
DA:24,1
DA:25,1
DA:29,10
DA:30,10
DA:33,1
LF:9
LH:9
BRDA:15,0,0,10
BRDA:15,0,1,0
BRF:2
BRH:1
end_of_record
TN:
SF:/Users/herat/Documents/GitHub/sellics/frontend/src/components/ErrorBoundary.tsx
FN:10,(anonymous_0)
FN:17,(anonymous_1)
FNF:2
FNH:2
FNDA:1,(anonymous_0)
FNDA:2,(anonymous_1)
DA:11,1
DA:12,1
DA:18,2
DA:19,1
DA:23,1
LF:5
LH:5
BRDA:18,0,0,1
BRDA:18,0,1,1
BRF:2
BRH:2
end_of_record
TN:
SF:/Users/herat/Documents/GitHub/sellics/frontend/src/components/Layout.tsx
FN:7,(anonymous_0)
FNF:1
FNH:1
FNDA:1,(anonymous_0)
DA:8,1
LF:1
LH:1
BRF:0
BRH:0
end_of_record
TN:
SF:/Users/herat/Documents/GitHub/sellics/frontend/src/components/ReviewContainer.tsx
FN:24,(anonymous_0)
FN:30,(anonymous_1)
FN:34,(anonymous_2)
FN:41,(anonymous_3)
FN:46,(anonymous_4)
FN:48,(anonymous_5)
FN:61,(anonymous_6)
FN:63,(anonymous_7)
FN:65,(anonymous_8)
FN:70,(anonymous_9)
FN:77,(anonymous_10)
FN:84,(anonymous_11)
FN:94,(anonymous_12)
FN:95,(anonymous_13)
FN:96,(anonymous_14)
FN:97,(anonymous_15)
FN:114,(anonymous_16)
FN:125,(anonymous_17)
FN:145,(anonymous_18)
FN:159,(anonymous_19)
FN:161,(anonymous_20)
FN:163,(anonymous_21)
FNF:22
FNH:18
FNDA:4,(anonymous_0)
FNDA:0,(anonymous_1)
FNDA:0,(anonymous_2)
FNDA:2,(anonymous_3)
FNDA:2,(anonymous_4)
FNDA:6,(anonymous_5)
FNDA:2,(anonymous_6)
FNDA:8,(anonymous_7)
FNDA:0,(anonymous_8)
FNDA:1,(anonymous_9)
FNDA:2,(anonymous_10)
FNDA:3,(anonymous_11)
FNDA:2,(anonymous_12)
FNDA:2,(anonymous_13)
FNDA:4,(anonymous_14)
FNDA:2,(anonymous_15)
FNDA:2,(anonymous_16)
FNDA:4,(anonymous_17)
FNDA:4,(anonymous_18)
FNDA:4,(anonymous_19)
FNDA:4,(anonymous_20)
FNDA:0,(anonymous_21)
DA:25,4
DA:26,4
DA:27,4
DA:31,0
DA:35,0
DA:36,0
DA:37,0
DA:42,2
DA:43,2
DA:47,2
DA:48,6
DA:49,2
DA:50,2
DA:52,0
DA:53,0
DA:55,0
DA:56,0
DA:58,0
DA:62,2
DA:63,8
DA:64,2
DA:65,0
DA:66,0
DA:69,2
DA:70,2
DA:71,1
DA:74,0
DA:78,2
DA:79,2
DA:81,0
DA:85,3
DA:86,3
DA:87,3
DA:88,3
DA:89,3
DA:90,1
DA:94,2
DA:95,2
DA:96,4
DA:97,2
DA:98,2
DA:99,2
DA:101,2
DA:102,0
DA:107,2
DA:109,2
DA:110,2
DA:111,0
DA:113,2
DA:114,2
DA:115,2
DA:119,2
DA:126,4
DA:127,4
DA:128,1
DA:133,3
DA:145,2
DA:149,4
DA:159,2
DA:160,4
DA:162,4
DA:163,4
LF:62
LH:47
BRDA:36,0,0,0
BRDA:36,0,1,0
BRDA:36,1,0,0
BRDA:36,1,1,0
BRDA:36,1,2,0
BRDA:48,2,0,2
BRDA:48,2,1,0
BRDA:48,3,0,6
BRDA:48,3,1,2
BRDA:49,4,0,2
BRDA:49,4,1,0
BRDA:49,5,0,2
BRDA:49,5,1,2
BRDA:52,6,0,0
BRDA:52,6,1,0
BRDA:55,7,0,0
BRDA:55,7,1,0
BRDA:63,8,0,2
BRDA:63,8,1,0
BRDA:63,9,0,8
BRDA:63,9,1,2
BRDA:64,10,0,0
BRDA:64,10,1,2
BRDA:66,11,0,0
BRDA:66,11,1,0
BRDA:69,12,0,2
BRDA:69,12,1,0
BRDA:69,13,0,2
BRDA:69,13,1,2
BRDA:71,14,0,1
BRDA:71,14,1,0
BRDA:78,15,0,2
BRDA:78,15,1,0
BRDA:78,16,0,2
BRDA:78,16,1,2
BRDA:78,17,0,2
BRDA:78,17,1,0
BRDA:81,18,0,0
BRDA:81,18,1,0
BRDA:89,19,0,1
BRDA:89,19,1,2
BRDA:89,20,0,3
BRDA:89,20,1,2
BRDA:89,21,0,3
BRDA:89,21,1,0
BRDA:94,22,0,2
BRDA:94,22,1,0
BRDA:94,23,0,2
BRDA:94,23,1,2
BRDA:95,24,0,2
BRDA:95,24,1,0
BRDA:96,25,0,2
BRDA:96,25,1,0
BRDA:96,26,0,4
BRDA:96,26,1,2
BRDA:97,27,0,2
BRDA:97,27,1,0
BRDA:99,28,0,2
BRDA:99,28,1,0
BRDA:101,29,0,0
BRDA:101,29,1,2
BRDA:101,30,0,2
BRDA:101,30,1,1
BRDA:110,31,0,0
BRDA:110,31,1,2
BRDA:110,32,0,2
BRDA:110,32,1,2
BRDA:114,33,0,2
BRDA:114,33,1,0
BRDA:127,34,0,1
BRDA:127,34,1,3
BRDA:139,35,0,1
BRDA:139,35,1,2
BRF:73
BRH:43
end_of_record
TN:
SF:/Users/herat/Documents/GitHub/sellics/frontend/src/components/ReviewFilter.tsx
FN:24,(anonymous_0)
FN:28,(anonymous_1)
FN:33,(anonymous_2)
FN:42,(anonymous_3)
FN:48,(anonymous_4)
FN:62,(anonymous_5)
FN:66,(anonymous_6)
FN:72,(anonymous_7)
FN:78,(anonymous_8)
FN:95,(anonymous_9)
FN:97,(anonymous_10)
FN:97,(anonymous_11)
FN:118,(anonymous_12)
FN:129,(anonymous_13)
FN:141,(anonymous_14)
FN:147,(anonymous_15)
FN:149,(anonymous_16)
FN:150,(anonymous_17)
FNF:18
FNH:9
FNDA:0,(anonymous_0)
FNDA:0,(anonymous_1)
FNDA:4,(anonymous_2)
FNDA:0,(anonymous_3)
FNDA:8,(anonymous_4)
FNDA:0,(anonymous_5)
FNDA:0,(anonymous_6)
FNDA:0,(anonymous_7)
FNDA:4,(anonymous_8)
FNDA:4,(anonymous_9)
FNDA:16,(anonymous_10)
FNDA:16,(anonymous_11)
FNDA:4,(anonymous_12)
FNDA:0,(anonymous_13)
FNDA:4,(anonymous_14)
FNDA:4,(anonymous_15)
FNDA:0,(anonymous_16)
FNDA:0,(anonymous_17)
DA:25,0
DA:29,0
DA:30,0
DA:34,4
DA:42,0
DA:49,8
DA:63,0
DA:67,0
DA:73,0
DA:79,4
DA:80,4
DA:81,4
DA:96,4
DA:97,16
DA:98,16
DA:99,8
DA:103,8
DA:104,4
DA:110,4
DA:111,4
DA:119,4
DA:129,0
DA:141,3
DA:142,4
DA:147,3
DA:148,4
DA:149,0
DA:150,0
LF:28
LH:18
BRDA:86,0,0,4
BRDA:86,0,1,4
BRDA:98,1,0,8
BRDA:98,1,1,8
BRDA:103,2,0,4
BRDA:103,2,1,4
BRDA:110,3,0,4
BRDA:110,3,1,0
BRF:8
BRH:7
end_of_record
TN:
SF:/Users/herat/Documents/GitHub/sellics/frontend/src/components/ReviewRow.tsx
FN:12,(anonymous_0)
FN:70,(anonymous_1)
FNF:2
FNH:2
FNDA:4,(anonymous_0)
FNDA:4,(anonymous_1)
DA:13,4
DA:14,4
DA:15,4
DA:71,4
LF:4
LH:4
BRF:0
BRH:0
end_of_record
TN:
SF:/Users/herat/Documents/GitHub/sellics/frontend/src/containers/ErrorPage.tsx
FN:4,(anonymous_0)
FNF:1
FNH:1
FNDA:2,(anonymous_0)
DA:5,2
LF:1
LH:1
BRF:0
BRH:0
end_of_record
TN:
SF:/Users/herat/Documents/GitHub/sellics/frontend/src/containers/Footer.tsx
FN:2,(anonymous_0)
FNF:1
FNH:1
FNDA:1,(anonymous_0)
DA:3,1
LF:1
LH:1
BRF:0
BRH:0
end_of_record
TN:
SF:/Users/herat/Documents/GitHub/sellics/frontend/src/containers/Header.tsx
FN:3,(anonymous_0)
FNF:1
FNH:1
FNDA:1,(anonymous_0)
DA:4,1
LF:1
LH:1
BRF:0
BRH:0
end_of_record
TN:
SF:/Users/herat/Documents/GitHub/sellics/frontend/src/reducers/filter.reducer.ts
FN:13,(anonymous_0)
FN:18,(anonymous_1)
FN:32,getInitialConfig
FNF:3
FNH:3
FNDA:4,(anonymous_0)
FNDA:8,(anonymous_1)
FNDA:9,getInitialConfig
DA:9,3
DA:14,4
DA:16,2
DA:17,2
DA:18,2
DA:19,8
DA:20,1
DA:22,7
DA:24,2
DA:26,1
DA:28,1
DA:33,9
LF:12
LH:12
BRDA:13,0,0,0
BRDA:14,1,0,2
BRDA:14,1,1,1
BRDA:14,1,2,1
BRDA:19,2,0,1
BRDA:19,2,1,7
BRF:6
BRH:5
end_of_record
TN:
SF:/Users/herat/Documents/GitHub/sellics/frontend/src/reducers/index.ts
FNF:0
FNH:0
DA:1,0
DA:2,0
DA:3,0
DA:5,0
LF:4
LH:0
BRF:0
BRH:0
end_of_record
TN:
SF:/Users/herat/Documents/GitHub/sellics/frontend/src/reducers/review.reducer.ts
FN:40,(anonymous_0)
FNF:1
FNH:1
FNDA:6,(anonymous_0)
DA:32,1
DA:41,6
DA:43,1
DA:45,3
DA:53,1
DA:55,1
LF:6
LH:6
BRDA:40,0,0,0
BRDA:41,1,0,1
BRDA:41,1,1,3
BRDA:41,1,2,1
BRDA:41,1,3,1
BRDA:46,2,0,3
BRDA:46,2,1,0
BRDA:50,3,0,0
BRDA:50,3,1,3
BRF:9
BRH:6
end_of_record
TN:
SF:/Users/herat/Documents/GitHub/sellics/frontend/src/reducers/mocks/reviews.mock.ts
FNF:0
FNH:0
DA:1,4
LF:1
LH:1
BRF:0
BRH:0
end_of_record
TN:
SF:/Users/herat/Documents/GitHub/sellics/frontend/src/utils/common.ts
FN:4,(anonymous_0)
FN:5,(anonymous_1)
FN:16,(anonymous_2)
FN:17,(anonymous_3)
FN:23,(anonymous_4)
FN:24,(anonymous_5)
FNF:6
FNH:2
FNDA:0,(anonymous_0)
FNDA:0,(anonymous_1)
FNDA:2,(anonymous_2)
FNDA:2,(anonymous_3)
FNDA:0,(anonymous_4)
FNDA:0,(anonymous_5)
DA:4,2
DA:5,0
DA:6,0
DA:8,0
DA:9,0
DA:11,0
DA:12,0
DA:16,2
DA:17,2
DA:18,2
DA:19,2
DA:23,2
DA:24,0
DA:25,0
DA:27,0
DA:28,0
DA:30,0
DA:31,0
LF:18
LH:6
BRDA:8,0,0,0
BRDA:8,0,1,0
BRDA:18,1,0,2
BRDA:18,1,1,2
BRDA:27,2,0,0
BRDA:27,2,1,0
BRF:6
BRH:2
end_of_record
TN:
SF:/Users/herat/Documents/GitHub/sellics/frontend/src/utils/constants.ts
FNF:0
FNH:0
DA:1,7
DA:2,7
DA:3,7
DA:4,7
DA:5,7
LF:5
LH:5
BRF:0
BRH:0
end_of_record
TN:
SF:/Users/herat/Documents/GitHub/sellics/frontend/src/utils/fetchWrapper.ts
FN:1,(anonymous_0)
FN:15,(anonymous_1)
FN:21,(anonymous_2)
FNF:3
FNH:1
FNDA:5,(anonymous_0)
FNDA:0,(anonymous_1)
FNDA:0,(anonymous_2)
DA:1,3
DA:2,5
DA:14,5
DA:16,0
DA:17,0
DA:19,0
DA:21,0
LF:7
LH:3
BRDA:1,0,0,5
BRDA:16,1,0,0
BRDA:16,1,1,0
BRF:3
BRH:1
end_of_record
